{"C:\\best\\github\\ProjectVideoPlatform\\config\\aws.js": {"path":"C:\\best\\github\\ProjectVideoPlatform\\config\\aws.js","statementMap":{"0":{"start":{"line":1,"column":14},"end":{"line":1,"column":32}},"1":{"start":{"line":2,"column":15},"end":{"line":2,"column":30}},"2":{"start":{"line":3,"column":4},"end":{"line":3,"column":75}},"3":{"start":{"line":5,"column":17},"end":{"line":22,"column":3}},"4":{"start":{"line":25,"column":2},"end":{"line":29,"column":5}},"5":{"start":{"line":32,"column":13},"end":{"line":32,"column":25}},"6":{"start":{"line":33,"column":23},"end":{"line":36,"column":4}},"7":{"start":{"line":38,"column":2},"end":{"line":42,"column":4}}},"fnMap":{},"branchMap":{"0":{"loc":{"start":{"line":11,"column":19},"end":{"line":11,"column":70}},"type":"binary-expr","locations":[{"start":{"line":11,"column":19},"end":{"line":11,"column":45}},{"start":{"line":11,"column":49},"end":{"line":11,"column":70}}],"line":11},"1":{"loc":{"start":{"line":12,"column":21},"end":{"line":12,"column":78}},"type":"binary-expr","locations":[{"start":{"line":12,"column":21},"end":{"line":12,"column":50}},{"start":{"line":12,"column":54},"end":{"line":12,"column":78}}],"line":12},"2":{"loc":{"start":{"line":21,"column":30},"end":{"line":21,"column":109}},"type":"binary-expr","locations":[{"start":{"line":21,"column":30},"end":{"line":21,"column":69}},{"start":{"line":21,"column":73},"end":{"line":21,"column":109}}],"line":21}},"s":{"0":1,"1":1,"2":1,"3":1,"4":1,"5":1,"6":1,"7":1},"f":{},"b":{"0":[1,0],"1":[1,0],"2":[1,0]},"_coverageSchema":"1a1c01bbd47fc00a2c39e90264f33305004495a9","hash":"5e73551b9249d0fb010b0bb1ab668fea7c6cf32c"}
,"C:\\best\\github\\ProjectVideoPlatform\\models\\Purchase.js": {"path":"C:\\best\\github\\ProjectVideoPlatform\\models\\Purchase.js","statementMap":{"0":{"start":{"line":1,"column":17},"end":{"line":1,"column":36}},"1":{"start":{"line":3,"column":23},"end":{"line":27,"column":2}},"2":{"start":{"line":30,"column":0},"end":{"line":30,"column":66}},"3":{"start":{"line":31,"column":0},"end":{"line":31,"column":54}},"4":{"start":{"line":32,"column":0},"end":{"line":32,"column":66}},"5":{"start":{"line":35,"column":0},"end":{"line":47,"column":2}},"6":{"start":{"line":36,"column":17},"end":{"line":45,"column":2}},"7":{"start":{"line":46,"column":0},"end":{"line":46,"column":24}},"8":{"start":{"line":50,"column":0},"end":{"line":56,"column":2}},"9":{"start":{"line":51,"column":0},"end":{"line":51,"column":22}},"10":{"start":{"line":52,"column":0},"end":{"line":52,"column":33}},"11":{"start":{"line":53,"column":0},"end":{"line":53,"column":45}},"12":{"start":{"line":53,"column":17},"end":{"line":53,"column":45}},"13":{"start":{"line":54,"column":0},"end":{"line":54,"column":28}},"14":{"start":{"line":55,"column":0},"end":{"line":55,"column":18}},"15":{"start":{"line":58,"column":0},"end":{"line":58,"column":60}}},"fnMap":{"0":{"name":"(anonymous_0)","decl":{"start":{"line":35,"column":35},"end":{"line":35,"column":36}},"loc":{"start":{"line":35,"column":67},"end":{"line":47,"column":1}},"line":35},"1":{"name":"(anonymous_1)","decl":{"start":{"line":50,"column":38},"end":{"line":50,"column":39}},"loc":{"start":{"line":50,"column":70},"end":{"line":56,"column":1}},"line":50}},"branchMap":{"0":{"loc":{"start":{"line":46,"column":7},"end":{"line":46,"column":23}},"type":"binary-expr","locations":[{"start":{"line":46,"column":7},"end":{"line":46,"column":15}},{"start":{"line":46,"column":19},"end":{"line":46,"column":23}}],"line":46},"1":{"loc":{"start":{"line":50,"column":53},"end":{"line":50,"column":68}},"type":"default-arg","locations":[{"start":{"line":50,"column":67},"end":{"line":50,"column":68}}],"line":50},"2":{"loc":{"start":{"line":53,"column":0},"end":{"line":53,"column":45}},"type":"if","locations":[{"start":{"line":53,"column":0},"end":{"line":53,"column":45}},{"start":{},"end":{}}],"line":53}},"s":{"0":2,"1":2,"2":2,"3":2,"4":2,"5":2,"6":0,"7":0,"8":2,"9":0,"10":0,"11":0,"12":0,"13":0,"14":0,"15":2},"f":{"0":0,"1":0},"b":{"0":[0,0],"1":[0],"2":[0,0]},"_coverageSchema":"1a1c01bbd47fc00a2c39e90264f33305004495a9","hash":"4ffe3bd6b0455a793736e21b1502baa2ed4ba084"}
,"C:\\best\\github\\ProjectVideoPlatform\\models\\User.js": {"path":"C:\\best\\github\\ProjectVideoPlatform\\models\\User.js","statementMap":{"0":{"start":{"line":1,"column":17},"end":{"line":1,"column":36}},"1":{"start":{"line":2,"column":15},"end":{"line":2,"column":34}},"2":{"start":{"line":4,"column":19},"end":{"line":34,"column":2}},"3":{"start":{"line":36,"column":0},"end":{"line":38,"column":2}},"4":{"start":{"line":37,"column":2},"end":{"line":37,"column":49}},"5":{"start":{"line":41,"column":0},"end":{"line":50,"column":3}},"6":{"start":{"line":42,"column":2},"end":{"line":42,"column":50}},"7":{"start":{"line":42,"column":36},"end":{"line":42,"column":50}},"8":{"start":{"line":44,"column":2},"end":{"line":49,"column":3}},"9":{"start":{"line":45,"column":4},"end":{"line":45,"column":57}},"10":{"start":{"line":46,"column":4},"end":{"line":46,"column":11}},"11":{"start":{"line":48,"column":4},"end":{"line":48,"column":16}},"12":{"start":{"line":53,"column":0},"end":{"line":56,"column":3}},"13":{"start":{"line":54,"column":2},"end":{"line":54,"column":30}},"14":{"start":{"line":55,"column":2},"end":{"line":55,"column":9}},"15":{"start":{"line":58,"column":0},"end":{"line":58,"column":52}}},"fnMap":{"0":{"name":"(anonymous_0)","decl":{"start":{"line":36,"column":37},"end":{"line":36,"column":38}},"loc":{"start":{"line":36,"column":62},"end":{"line":38,"column":1}},"line":36},"1":{"name":"(anonymous_1)","decl":{"start":{"line":41,"column":23},"end":{"line":41,"column":24}},"loc":{"start":{"line":41,"column":44},"end":{"line":50,"column":1}},"line":41},"2":{"name":"(anonymous_2)","decl":{"start":{"line":53,"column":23},"end":{"line":53,"column":24}},"loc":{"start":{"line":53,"column":38},"end":{"line":56,"column":1}},"line":53}},"branchMap":{"0":{"loc":{"start":{"line":42,"column":2},"end":{"line":42,"column":50}},"type":"if","locations":[{"start":{"line":42,"column":2},"end":{"line":42,"column":50}},{"start":{},"end":{}}],"line":42}},"s":{"0":2,"1":2,"2":2,"3":2,"4":0,"5":2,"6":0,"7":0,"8":0,"9":0,"10":0,"11":0,"12":2,"13":0,"14":0,"15":2},"f":{"0":0,"1":0,"2":0},"b":{"0":[0,0]},"_coverageSchema":"1a1c01bbd47fc00a2c39e90264f33305004495a9","hash":"c15fe37fcc42a49e08e21530cdea9597303bf3da"}
,"C:\\best\\github\\ProjectVideoPlatform\\models\\Video.js": {"path":"C:\\best\\github\\ProjectVideoPlatform\\models\\Video.js","statementMap":{"0":{"start":{"line":1,"column":17},"end":{"line":1,"column":36}},"1":{"start":{"line":3,"column":20},"end":{"line":47,"column":2}},"2":{"start":{"line":50,"column":0},"end":{"line":53,"column":3}},"3":{"start":{"line":51,"column":2},"end":{"line":51,"column":30}},"4":{"start":{"line":52,"column":2},"end":{"line":52,"column":9}},"5":{"start":{"line":56,"column":0},"end":{"line":56,"column":52}},"6":{"start":{"line":57,"column":0},"end":{"line":57,"column":37}},"7":{"start":{"line":59,"column":0},"end":{"line":59,"column":54}}},"fnMap":{"0":{"name":"(anonymous_0)","decl":{"start":{"line":50,"column":24},"end":{"line":50,"column":25}},"loc":{"start":{"line":50,"column":39},"end":{"line":53,"column":1}},"line":50}},"branchMap":{},"s":{"0":2,"1":2,"2":2,"3":0,"4":0,"5":2,"6":2,"7":2},"f":{"0":0},"b":{},"_coverageSchema":"1a1c01bbd47fc00a2c39e90264f33305004495a9","hash":"c75f726b7e32a847f06308908eb30aae71a99d28"}
,"C:\\best\\github\\ProjectVideoPlatform\\routes\\admin.js": {"path":"C:\\best\\github\\ProjectVideoPlatform\\routes\\admin.js","statementMap":{"0":{"start":{"line":1,"column":16},"end":{"line":1,"column":34}},"1":{"start":{"line":2,"column":44},"end":{"line":2,"column":73}},"2":{"start":{"line":3,"column":46},"end":{"line":3,"column":81}},"3":{"start":{"line":4,"column":14},"end":{"line":4,"column":40}},"4":{"start":{"line":5,"column":17},"end":{"line":5,"column":46}},"5":{"start":{"line":6,"column":13},"end":{"line":6,"column":38}},"6":{"start":{"line":8,"column":15},"end":{"line":8,"column":31}},"7":{"start":{"line":11,"column":0},"end":{"line":11,"column":44}},"8":{"start":{"line":14,"column":0},"end":{"line":80,"column":3}},"9":{"start":{"line":15,"column":2},"end":{"line":79,"column":3}},"10":{"start":{"line":23,"column":8},"end":{"line":23,"column":17}},"11":{"start":{"line":25,"column":17},"end":{"line":25,"column":35}},"12":{"start":{"line":26,"column":16},"end":{"line":26,"column":18}},"13":{"start":{"line":28,"column":4},"end":{"line":30,"column":5}},"14":{"start":{"line":29,"column":6},"end":{"line":29,"column":34}},"15":{"start":{"line":31,"column":5},"end":{"line":31,"column":27}},"16":{"start":{"line":32,"column":4},"end":{"line":38,"column":5}},"17":{"start":{"line":33,"column":6},"end":{"line":37,"column":8}},"18":{"start":{"line":40,"column":26},"end":{"line":40,"column":55}},"19":{"start":{"line":41,"column":20},"end":{"line":41,"column":47}},"20":{"start":{"line":43,"column":19},"end":{"line":46,"column":29}},"21":{"start":{"line":48,"column":18},"end":{"line":48,"column":51}},"22":{"start":{"line":51,"column":21},"end":{"line":51,"column":43}},"23":{"start":{"line":51,"column":37},"end":{"line":51,"column":42}},"24":{"start":{"line":52,"column":27},"end":{"line":55,"column":6}},"25":{"start":{"line":57,"column":29},"end":{"line":57,"column":31}},"26":{"start":{"line":58,"column":4},"end":{"line":60,"column":7}},"27":{"start":{"line":59,"column":6},"end":{"line":59,"column":53}},"28":{"start":{"line":62,"column":28},"end":{"line":65,"column":7}},"29":{"start":{"line":62,"column":49},"end":{"line":65,"column":5}},"30":{"start":{"line":67,"column":4},"end":{"line":75,"column":7}},"31":{"start":{"line":77,"column":4},"end":{"line":77,"column":52}},"32":{"start":{"line":78,"column":4},"end":{"line":78,"column":51}},"33":{"start":{"line":83,"column":0},"end":{"line":145,"column":3}},"34":{"start":{"line":84,"column":2},"end":{"line":144,"column":3}},"35":{"start":{"line":85,"column":18},"end":{"line":85,"column":60}},"36":{"start":{"line":86,"column":4},"end":{"line":88,"column":5}},"37":{"start":{"line":87,"column":6},"end":{"line":87,"column":64}},"38":{"start":{"line":91,"column":22},"end":{"line":94,"column":33}},"39":{"start":{"line":97,"column":25},"end":{"line":97,"column":72}},"40":{"start":{"line":97,"column":54},"end":{"line":97,"column":68}},"41":{"start":{"line":100,"column":26},"end":{"line":100,"column":36}},"42":{"start":{"line":101,"column":4},"end":{"line":101,"column":56}},"43":{"start":{"line":103,"column":23},"end":{"line":123,"column":6}},"44":{"start":{"line":125,"column":4},"end":{"line":140,"column":7}},"45":{"start":{"line":136,"column":55},"end":{"line":136,"column":81}},"46":{"start":{"line":142,"column":4},"end":{"line":142,"column":51}},"47":{"start":{"line":143,"column":4},"end":{"line":143,"column":51}},"48":{"start":{"line":148,"column":0},"end":{"line":178,"column":3}},"49":{"start":{"line":149,"column":2},"end":{"line":177,"column":3}},"50":{"start":{"line":150,"column":48},"end":{"line":150,"column":56}},"51":{"start":{"line":151,"column":4},"end":{"line":151,"column":73}},"52":{"start":{"line":152,"column":7},"end":{"line":152,"column":36}},"53":{"start":{"line":153,"column":8},"end":{"line":153,"column":49}},"54":{"start":{"line":154,"column":10},"end":{"line":154,"column":39}},"55":{"start":{"line":155,"column":10},"end":{"line":155,"column":37}},"56":{"start":{"line":156,"column":18},"end":{"line":156,"column":60}},"57":{"start":{"line":157,"column":4},"end":{"line":159,"column":5}},"58":{"start":{"line":158,"column":6},"end":{"line":158,"column":64}},"59":{"start":{"line":161,"column":4},"end":{"line":161,"column":35}},"60":{"start":{"line":161,"column":15},"end":{"line":161,"column":35}},"61":{"start":{"line":162,"column":4},"end":{"line":162,"column":67}},"62":{"start":{"line":162,"column":35},"end":{"line":162,"column":67}},"63":{"start":{"line":163,"column":4},"end":{"line":163,"column":61}},"64":{"start":{"line":163,"column":29},"end":{"line":163,"column":61}},"65":{"start":{"line":164,"column":4},"end":{"line":164,"column":91}},"66":{"start":{"line":164,"column":14},"end":{"line":164,"column":91}},"67":{"start":{"line":164,"column":81},"end":{"line":164,"column":89}},"68":{"start":{"line":167,"column":4},"end":{"line":167,"column":23}},"69":{"start":{"line":169,"column":4},"end":{"line":173,"column":7}},"70":{"start":{"line":175,"column":4},"end":{"line":175,"column":48}},"71":{"start":{"line":176,"column":4},"end":{"line":176,"column":51}},"72":{"start":{"line":181,"column":0},"end":{"line":211,"column":3}},"73":{"start":{"line":182,"column":2},"end":{"line":210,"column":3}},"74":{"start":{"line":183,"column":4},"end":{"line":183,"column":63}},"75":{"start":{"line":184,"column":18},"end":{"line":184,"column":60}},"76":{"start":{"line":185,"column":4},"end":{"line":185,"column":39}},"77":{"start":{"line":186,"column":4},"end":{"line":188,"column":5}},"78":{"start":{"line":187,"column":6},"end":{"line":187,"column":64}},"79":{"start":{"line":191,"column":4},"end":{"line":197,"column":5}},"80":{"start":{"line":192,"column":6},"end":{"line":196,"column":7}},"81":{"start":{"line":193,"column":8},"end":{"line":193,"column":49}},"82":{"start":{"line":195,"column":8},"end":{"line":195,"column":73}},"83":{"start":{"line":200,"column":4},"end":{"line":200,"column":27}},"84":{"start":{"line":201,"column":4},"end":{"line":201,"column":23}},"85":{"start":{"line":203,"column":4},"end":{"line":206,"column":7}},"86":{"start":{"line":208,"column":4},"end":{"line":208,"column":48}},"87":{"start":{"line":209,"column":4},"end":{"line":209,"column":51}},"88":{"start":{"line":214,"column":0},"end":{"line":222,"column":3}},"89":{"start":{"line":215,"column":2},"end":{"line":221,"column":3}},"90":{"start":{"line":216,"column":16},"end":{"line":216,"column":52}},"91":{"start":{"line":217,"column":4},"end":{"line":217,"column":22}},"92":{"start":{"line":219,"column":4},"end":{"line":219,"column":50}},"93":{"start":{"line":220,"column":4},"end":{"line":220,"column":51}},"94":{"start":{"line":225,"column":0},"end":{"line":234,"column":3}},"95":{"start":{"line":226,"column":2},"end":{"line":233,"column":3}},"96":{"start":{"line":227,"column":40},"end":{"line":227,"column":49}},"97":{"start":{"line":228,"column":17},"end":{"line":228,"column":61}},"98":{"start":{"line":229,"column":4},"end":{"line":229,"column":23}},"99":{"start":{"line":231,"column":4},"end":{"line":231,"column":45}},"100":{"start":{"line":232,"column":4},"end":{"line":232,"column":51}},"101":{"start":{"line":237,"column":0},"end":{"line":256,"column":3}},"102":{"start":{"line":238,"column":2},"end":{"line":255,"column":3}},"103":{"start":{"line":239,"column":4},"end":{"line":239,"column":38}},"104":{"start":{"line":242,"column":18},"end":{"line":242,"column":78}},"105":{"start":{"line":243,"column":4},"end":{"line":246,"column":5}},"106":{"start":{"line":244,"column":6},"end":{"line":244,"column":36}},"107":{"start":{"line":245,"column":6},"end":{"line":245,"column":25}},"108":{"start":{"line":248,"column":4},"end":{"line":251,"column":7}},"109":{"start":{"line":253,"column":4},"end":{"line":253,"column":46}},"110":{"start":{"line":254,"column":4},"end":{"line":254,"column":51}},"111":{"start":{"line":259,"column":0},"end":{"line":322,"column":3}},"112":{"start":{"line":260,"column":2},"end":{"line":321,"column":3}},"113":{"start":{"line":261,"column":51},"end":{"line":261,"column":60}},"114":{"start":{"line":262,"column":17},"end":{"line":262,"column":35}},"115":{"start":{"line":264,"column":16},"end":{"line":264,"column":18}},"116":{"start":{"line":266,"column":4},"end":{"line":268,"column":5}},"117":{"start":{"line":267,"column":6},"end":{"line":267,"column":54}},"118":{"start":{"line":270,"column":4},"end":{"line":272,"column":5}},"119":{"start":{"line":271,"column":6},"end":{"line":271,"column":24}},"120":{"start":{"line":274,"column":18},"end":{"line":279,"column":29}},"121":{"start":{"line":281,"column":18},"end":{"line":281,"column":50}},"122":{"start":{"line":284,"column":20},"end":{"line":284,"column":41}},"123":{"start":{"line":284,"column":35},"end":{"line":284,"column":40}},"124":{"start":{"line":285,"column":26},"end":{"line":294,"column":6}},"125":{"start":{"line":296,"column":21},"end":{"line":296,"column":23}},"126":{"start":{"line":297,"column":4},"end":{"line":302,"column":7}},"127":{"start":{"line":298,"column":6},"end":{"line":301,"column":8}},"128":{"start":{"line":304,"column":27},"end":{"line":307,"column":7}},"129":{"start":{"line":304,"column":46},"end":{"line":307,"column":5}},"130":{"start":{"line":309,"column":4},"end":{"line":317,"column":7}},"131":{"start":{"line":319,"column":4},"end":{"line":319,"column":45}},"132":{"start":{"line":320,"column":4},"end":{"line":320,"column":51}},"133":{"start":{"line":325,"column":0},"end":{"line":391,"column":3}},"134":{"start":{"line":326,"column":2},"end":{"line":390,"column":3}},"135":{"start":{"line":335,"column":8},"end":{"line":346,"column":6}},"136":{"start":{"line":349,"column":26},"end":{"line":349,"column":36}},"137":{"start":{"line":350,"column":4},"end":{"line":350,"column":56}},"138":{"start":{"line":352,"column":25},"end":{"line":371,"column":6}},"139":{"start":{"line":373,"column":4},"end":{"line":386,"column":7}},"140":{"start":{"line":388,"column":4},"end":{"line":388,"column":51}},"141":{"start":{"line":389,"column":4},"end":{"line":389,"column":51}},"142":{"start":{"line":394,"column":0},"end":{"line":430,"column":3}},"143":{"start":{"line":395,"column":2},"end":{"line":429,"column":3}},"144":{"start":{"line":396,"column":62},"end":{"line":396,"column":71}},"145":{"start":{"line":397,"column":17},"end":{"line":397,"column":35}},"146":{"start":{"line":399,"column":16},"end":{"line":399,"column":18}},"147":{"start":{"line":401,"column":4},"end":{"line":401,"column":38}},"148":{"start":{"line":401,"column":16},"end":{"line":401,"column":38}},"149":{"start":{"line":402,"column":4},"end":{"line":405,"column":5}},"150":{"start":{"line":403,"column":20},"end":{"line":403,"column":56}},"151":{"start":{"line":404,"column":6},"end":{"line":404,"column":43}},"152":{"start":{"line":404,"column":17},"end":{"line":404,"column":43}},"153":{"start":{"line":406,"column":4},"end":{"line":406,"column":38}},"154":{"start":{"line":406,"column":16},"end":{"line":406,"column":38}},"155":{"start":{"line":408,"column":22},"end":{"line":413,"column":29}},"156":{"start":{"line":415,"column":18},"end":{"line":415,"column":54}},"157":{"start":{"line":417,"column":4},"end":{"line":425,"column":7}},"158":{"start":{"line":427,"column":4},"end":{"line":427,"column":49}},"159":{"start":{"line":428,"column":4},"end":{"line":428,"column":51}},"160":{"start":{"line":432,"column":0},"end":{"line":432,"column":24}}},"fnMap":{"0":{"name":"(anonymous_0)","decl":{"start":{"line":14,"column":22},"end":{"line":14,"column":23}},"loc":{"start":{"line":14,"column":42},"end":{"line":80,"column":1}},"line":14},"1":{"name":"(anonymous_1)","decl":{"start":{"line":51,"column":32},"end":{"line":51,"column":33}},"loc":{"start":{"line":51,"column":37},"end":{"line":51,"column":42}},"line":51},"2":{"name":"(anonymous_2)","decl":{"start":{"line":58,"column":27},"end":{"line":58,"column":28}},"loc":{"start":{"line":58,"column":33},"end":{"line":60,"column":5}},"line":58},"3":{"name":"(anonymous_3)","decl":{"start":{"line":62,"column":39},"end":{"line":62,"column":40}},"loc":{"start":{"line":62,"column":49},"end":{"line":65,"column":5}},"line":62},"4":{"name":"(anonymous_4)","decl":{"start":{"line":83,"column":36},"end":{"line":83,"column":37}},"loc":{"start":{"line":83,"column":56},"end":{"line":145,"column":1}},"line":83},"5":{"name":"(anonymous_5)","decl":{"start":{"line":97,"column":42},"end":{"line":97,"column":43}},"loc":{"start":{"line":97,"column":54},"end":{"line":97,"column":68}},"line":97},"6":{"name":"(anonymous_6)","decl":{"start":{"line":136,"column":43},"end":{"line":136,"column":44}},"loc":{"start":{"line":136,"column":55},"end":{"line":136,"column":81}},"line":136},"7":{"name":"(anonymous_7)","decl":{"start":{"line":148,"column":26},"end":{"line":148,"column":27}},"loc":{"start":{"line":148,"column":46},"end":{"line":178,"column":1}},"line":148},"8":{"name":"(anonymous_8)","decl":{"start":{"line":164,"column":76},"end":{"line":164,"column":77}},"loc":{"start":{"line":164,"column":81},"end":{"line":164,"column":89}},"line":164},"9":{"name":"(anonymous_9)","decl":{"start":{"line":181,"column":29},"end":{"line":181,"column":30}},"loc":{"start":{"line":181,"column":49},"end":{"line":211,"column":1}},"line":181},"10":{"name":"(anonymous_10)","decl":{"start":{"line":214,"column":40},"end":{"line":214,"column":41}},"loc":{"start":{"line":214,"column":60},"end":{"line":222,"column":1}},"line":214},"11":{"name":"(anonymous_11)","decl":{"start":{"line":225,"column":33},"end":{"line":225,"column":34}},"loc":{"start":{"line":225,"column":53},"end":{"line":234,"column":1}},"line":225},"12":{"name":"(anonymous_12)","decl":{"start":{"line":237,"column":48},"end":{"line":237,"column":49}},"loc":{"start":{"line":237,"column":68},"end":{"line":256,"column":1}},"line":237},"13":{"name":"(anonymous_13)","decl":{"start":{"line":259,"column":21},"end":{"line":259,"column":22}},"loc":{"start":{"line":259,"column":41},"end":{"line":322,"column":1}},"line":259},"14":{"name":"(anonymous_14)","decl":{"start":{"line":284,"column":30},"end":{"line":284,"column":31}},"loc":{"start":{"line":284,"column":35},"end":{"line":284,"column":40}},"line":284},"15":{"name":"(anonymous_15)","decl":{"start":{"line":297,"column":26},"end":{"line":297,"column":27}},"loc":{"start":{"line":297,"column":34},"end":{"line":302,"column":5}},"line":297},"16":{"name":"(anonymous_16)","decl":{"start":{"line":304,"column":37},"end":{"line":304,"column":38}},"loc":{"start":{"line":304,"column":46},"end":{"line":307,"column":5}},"line":304},"17":{"name":"(anonymous_17)","decl":{"start":{"line":325,"column":31},"end":{"line":325,"column":32}},"loc":{"start":{"line":325,"column":51},"end":{"line":391,"column":1}},"line":325},"18":{"name":"(anonymous_18)","decl":{"start":{"line":394,"column":25},"end":{"line":394,"column":26}},"loc":{"start":{"line":394,"column":45},"end":{"line":430,"column":1}},"line":394}},"branchMap":{"0":{"loc":{"start":{"line":17,"column":6},"end":{"line":17,"column":14}},"type":"default-arg","locations":[{"start":{"line":17,"column":13},"end":{"line":17,"column":14}}],"line":17},"1":{"loc":{"start":{"line":18,"column":6},"end":{"line":18,"column":16}},"type":"default-arg","locations":[{"start":{"line":18,"column":14},"end":{"line":18,"column":16}}],"line":18},"2":{"loc":{"start":{"line":21,"column":6},"end":{"line":21,"column":26}},"type":"default-arg","locations":[{"start":{"line":21,"column":15},"end":{"line":21,"column":26}}],"line":21},"3":{"loc":{"start":{"line":22,"column":6},"end":{"line":22,"column":24}},"type":"default-arg","locations":[{"start":{"line":22,"column":18},"end":{"line":22,"column":24}}],"line":22},"4":{"loc":{"start":{"line":28,"column":4},"end":{"line":30,"column":5}},"type":"if","locations":[{"start":{"line":28,"column":4},"end":{"line":30,"column":5}},{"start":{},"end":{}}],"line":28},"5":{"loc":{"start":{"line":32,"column":4},"end":{"line":38,"column":5}},"type":"if","locations":[{"start":{"line":32,"column":4},"end":{"line":38,"column":5}},{"start":{},"end":{}}],"line":32},"6":{"loc":{"start":{"line":40,"column":26},"end":{"line":40,"column":55}},"type":"cond-expr","locations":[{"start":{"line":40,"column":49},"end":{"line":40,"column":51}},{"start":{"line":40,"column":54},"end":{"line":40,"column":55}}],"line":40},"7":{"loc":{"start":{"line":64,"column":21},"end":{"line":64,"column":64}},"type":"binary-expr","locations":[{"start":{"line":64,"column":21},"end":{"line":64,"column":59}},{"start":{"line":64,"column":63},"end":{"line":64,"column":64}}],"line":64},"8":{"loc":{"start":{"line":86,"column":4},"end":{"line":88,"column":5}},"type":"if","locations":[{"start":{"line":86,"column":4},"end":{"line":88,"column":5}},{"start":{},"end":{}}],"line":86},"9":{"loc":{"start":{"line":135,"column":22},"end":{"line":135,"column":80}},"type":"cond-expr","locations":[{"start":{"line":135,"column":45},"end":{"line":135,"column":76}},{"start":{"line":135,"column":79},"end":{"line":135,"column":80}}],"line":135},"10":{"loc":{"start":{"line":136,"column":62},"end":{"line":136,"column":80}},"type":"binary-expr","locations":[{"start":{"line":136,"column":62},"end":{"line":136,"column":75}},{"start":{"line":136,"column":79},"end":{"line":136,"column":80}}],"line":136},"11":{"loc":{"start":{"line":157,"column":4},"end":{"line":159,"column":5}},"type":"if","locations":[{"start":{"line":157,"column":4},"end":{"line":159,"column":5}},{"start":{},"end":{}}],"line":157},"12":{"loc":{"start":{"line":161,"column":4},"end":{"line":161,"column":35}},"type":"if","locations":[{"start":{"line":161,"column":4},"end":{"line":161,"column":35}},{"start":{},"end":{}}],"line":161},"13":{"loc":{"start":{"line":162,"column":4},"end":{"line":162,"column":67}},"type":"if","locations":[{"start":{"line":162,"column":4},"end":{"line":162,"column":67}},{"start":{},"end":{}}],"line":162},"14":{"loc":{"start":{"line":163,"column":4},"end":{"line":163,"column":61}},"type":"if","locations":[{"start":{"line":163,"column":4},"end":{"line":163,"column":61}},{"start":{},"end":{}}],"line":163},"15":{"loc":{"start":{"line":164,"column":4},"end":{"line":164,"column":91}},"type":"if","locations":[{"start":{"line":164,"column":4},"end":{"line":164,"column":91}},{"start":{},"end":{}}],"line":164},"16":{"loc":{"start":{"line":164,"column":27},"end":{"line":164,"column":90}},"type":"cond-expr","locations":[{"start":{"line":164,"column":49},"end":{"line":164,"column":53}},{"start":{"line":164,"column":56},"end":{"line":164,"column":90}}],"line":164},"17":{"loc":{"start":{"line":186,"column":4},"end":{"line":188,"column":5}},"type":"if","locations":[{"start":{"line":186,"column":4},"end":{"line":188,"column":5}},{"start":{},"end":{}}],"line":186},"18":{"loc":{"start":{"line":191,"column":4},"end":{"line":197,"column":5}},"type":"if","locations":[{"start":{"line":191,"column":4},"end":{"line":197,"column":5}},{"start":{},"end":{}}],"line":191},"19":{"loc":{"start":{"line":191,"column":8},"end":{"line":191,"column":70}},"type":"binary-expr","locations":[{"start":{"line":191,"column":8},"end":{"line":191,"column":31}},{"start":{"line":191,"column":35},"end":{"line":191,"column":70}}],"line":191},"20":{"loc":{"start":{"line":227,"column":20},"end":{"line":227,"column":35}},"type":"default-arg","locations":[{"start":{"line":227,"column":33},"end":{"line":227,"column":35}}],"line":227},"21":{"loc":{"start":{"line":243,"column":4},"end":{"line":246,"column":5}},"type":"if","locations":[{"start":{"line":243,"column":4},"end":{"line":246,"column":5}},{"start":{},"end":{}}],"line":243},"22":{"loc":{"start":{"line":261,"column":12},"end":{"line":261,"column":20}},"type":"default-arg","locations":[{"start":{"line":261,"column":19},"end":{"line":261,"column":20}}],"line":261},"23":{"loc":{"start":{"line":261,"column":22},"end":{"line":261,"column":32}},"type":"default-arg","locations":[{"start":{"line":261,"column":30},"end":{"line":261,"column":32}}],"line":261},"24":{"loc":{"start":{"line":266,"column":4},"end":{"line":268,"column":5}},"type":"if","locations":[{"start":{"line":266,"column":4},"end":{"line":268,"column":5}},{"start":{},"end":{}}],"line":266},"25":{"loc":{"start":{"line":270,"column":4},"end":{"line":272,"column":5}},"type":"if","locations":[{"start":{"line":270,"column":4},"end":{"line":272,"column":5}},{"start":{},"end":{}}],"line":270},"26":{"loc":{"start":{"line":306,"column":13},"end":{"line":306,"column":82}},"type":"binary-expr","locations":[{"start":{"line":306,"column":13},"end":{"line":306,"column":42}},{"start":{"line":306,"column":46},"end":{"line":306,"column":82}}],"line":306},"27":{"loc":{"start":{"line":378,"column":22},"end":{"line":378,"column":49}},"type":"binary-expr","locations":[{"start":{"line":378,"column":22},"end":{"line":378,"column":44}},{"start":{"line":378,"column":48},"end":{"line":378,"column":49}}],"line":378},"28":{"loc":{"start":{"line":396,"column":12},"end":{"line":396,"column":20}},"type":"default-arg","locations":[{"start":{"line":396,"column":19},"end":{"line":396,"column":20}}],"line":396},"29":{"loc":{"start":{"line":396,"column":22},"end":{"line":396,"column":32}},"type":"default-arg","locations":[{"start":{"line":396,"column":30},"end":{"line":396,"column":32}}],"line":396},"30":{"loc":{"start":{"line":401,"column":4},"end":{"line":401,"column":38}},"type":"if","locations":[{"start":{"line":401,"column":4},"end":{"line":401,"column":38}},{"start":{},"end":{}}],"line":401},"31":{"loc":{"start":{"line":402,"column":4},"end":{"line":405,"column":5}},"type":"if","locations":[{"start":{"line":402,"column":4},"end":{"line":405,"column":5}},{"start":{},"end":{}}],"line":402},"32":{"loc":{"start":{"line":404,"column":6},"end":{"line":404,"column":43}},"type":"if","locations":[{"start":{"line":404,"column":6},"end":{"line":404,"column":43}},{"start":{},"end":{}}],"line":404},"33":{"loc":{"start":{"line":406,"column":4},"end":{"line":406,"column":38}},"type":"if","locations":[{"start":{"line":406,"column":4},"end":{"line":406,"column":38}},{"start":{},"end":{}}],"line":406}},"s":{"0":1,"1":1,"2":1,"3":1,"4":1,"5":1,"6":1,"7":1,"8":1,"9":1,"10":1,"11":1,"12":1,"13":1,"14":0,"15":1,"16":1,"17":0,"18":1,"19":1,"20":1,"21":1,"22":1,"23":1,"24":1,"25":1,"26":1,"27":0,"28":1,"29":1,"30":1,"31":0,"32":0,"33":1,"34":1,"35":1,"36":1,"37":0,"38":1,"39":1,"40":1,"41":1,"42":1,"43":1,"44":1,"45":1,"46":0,"47":0,"48":1,"49":1,"50":1,"51":1,"52":1,"53":1,"54":1,"55":1,"56":1,"57":1,"58":0,"59":1,"60":1,"61":1,"62":0,"63":1,"64":1,"65":1,"66":0,"67":0,"68":1,"69":1,"70":0,"71":0,"72":1,"73":1,"74":1,"75":1,"76":1,"77":1,"78":0,"79":1,"80":0,"81":0,"82":0,"83":1,"84":1,"85":1,"86":0,"87":0,"88":1,"89":0,"90":0,"91":0,"92":0,"93":0,"94":1,"95":0,"96":0,"97":0,"98":0,"99":0,"100":0,"101":1,"102":0,"103":0,"104":0,"105":0,"106":0,"107":0,"108":0,"109":0,"110":0,"111":1,"112":1,"113":1,"114":1,"115":1,"116":1,"117":0,"118":1,"119":0,"120":1,"121":1,"122":1,"123":1,"124":1,"125":1,"126":1,"127":0,"128":1,"129":1,"130":1,"131":0,"132":0,"133":1,"134":1,"135":1,"136":1,"137":1,"138":1,"139":1,"140":0,"141":0,"142":1,"143":0,"144":0,"145":0,"146":0,"147":0,"148":0,"149":0,"150":0,"151":0,"152":0,"153":0,"154":0,"155":0,"156":0,"157":0,"158":0,"159":0,"160":1},"f":{"0":1,"1":1,"2":0,"3":1,"4":1,"5":1,"6":1,"7":1,"8":0,"9":1,"10":0,"11":0,"12":0,"13":1,"14":1,"15":0,"16":1,"17":1,"18":0},"b":{"0":[1],"1":[1],"2":[1],"3":[1],"4":[0,1],"5":[0,1],"6":[1,0],"7":[1,1],"8":[0,1],"9":[1,0],"10":[1,0],"11":[0,1],"12":[1,0],"13":[0,1],"14":[1,0],"15":[0,1],"16":[0,0],"17":[0,1],"18":[0,1],"19":[1,0],"20":[0],"21":[0,0],"22":[1],"23":[1],"24":[0,1],"25":[0,1],"26":[1,1],"27":[1,0],"28":[0],"29":[0],"30":[0,0],"31":[0,0],"32":[0,0],"33":[0,0]},"_coverageSchema":"1a1c01bbd47fc00a2c39e90264f33305004495a9","hash":"14cdac50692e6eb909240ffe32fa3e14c7d92ead"}
,"C:\\best\\github\\ProjectVideoPlatform\\routes\\auth.js": {"path":"C:\\best\\github\\ProjectVideoPlatform\\routes\\auth.js","statementMap":{"0":{"start":{"line":1,"column":16},"end":{"line":1,"column":34}},"1":{"start":{"line":2,"column":12},"end":{"line":2,"column":35}},"2":{"start":{"line":3,"column":13},"end":{"line":3,"column":38}},"3":{"start":{"line":4,"column":18},"end":{"line":4,"column":43}},"4":{"start":{"line":5,"column":30},"end":{"line":5,"column":59}},"5":{"start":{"line":7,"column":15},"end":{"line":7,"column":31}},"6":{"start":{"line":10,"column":0},"end":{"line":58,"column":3}},"7":{"start":{"line":11,"column":2},"end":{"line":57,"column":3}},"8":{"start":{"line":12,"column":47},"end":{"line":12,"column":55}},"9":{"start":{"line":15,"column":4},"end":{"line":17,"column":5}},"10":{"start":{"line":16,"column":6},"end":{"line":16,"column":80}},"11":{"start":{"line":19,"column":4},"end":{"line":21,"column":5}},"12":{"start":{"line":20,"column":6},"end":{"line":20,"column":92}},"13":{"start":{"line":24,"column":25},"end":{"line":24,"column":54}},"14":{"start":{"line":25,"column":4},"end":{"line":27,"column":5}},"15":{"start":{"line":26,"column":6},"end":{"line":26,"column":68}},"16":{"start":{"line":30,"column":17},"end":{"line":34,"column":6}},"17":{"start":{"line":36,"column":4},"end":{"line":36,"column":22}},"18":{"start":{"line":39,"column":18},"end":{"line":43,"column":5}},"19":{"start":{"line":45,"column":4},"end":{"line":53,"column":7}},"20":{"start":{"line":55,"column":4},"end":{"line":55,"column":48}},"21":{"start":{"line":56,"column":4},"end":{"line":56,"column":59}},"22":{"start":{"line":61,"column":0},"end":{"line":102,"column":3}},"23":{"start":{"line":62,"column":2},"end":{"line":101,"column":3}},"24":{"start":{"line":63,"column":32},"end":{"line":63,"column":40}},"25":{"start":{"line":66,"column":4},"end":{"line":68,"column":5}},"26":{"start":{"line":67,"column":6},"end":{"line":67,"column":80}},"27":{"start":{"line":71,"column":17},"end":{"line":71,"column":46}},"28":{"start":{"line":72,"column":4},"end":{"line":74,"column":5}},"29":{"start":{"line":73,"column":6},"end":{"line":73,"column":68}},"30":{"start":{"line":77,"column":28},"end":{"line":77,"column":64}},"31":{"start":{"line":78,"column":4},"end":{"line":80,"column":5}},"32":{"start":{"line":79,"column":6},"end":{"line":79,"column":68}},"33":{"start":{"line":83,"column":18},"end":{"line":87,"column":5}},"34":{"start":{"line":89,"column":4},"end":{"line":97,"column":7}},"35":{"start":{"line":99,"column":4},"end":{"line":99,"column":41}},"36":{"start":{"line":100,"column":4},"end":{"line":100,"column":52}},"37":{"start":{"line":105,"column":0},"end":{"line":116,"column":3}},"38":{"start":{"line":106,"column":2},"end":{"line":115,"column":3}},"39":{"start":{"line":107,"column":17},"end":{"line":109,"column":52}},"40":{"start":{"line":111,"column":4},"end":{"line":111,"column":23}},"41":{"start":{"line":113,"column":4},"end":{"line":113,"column":43}},"42":{"start":{"line":114,"column":4},"end":{"line":114,"column":61}},"43":{"start":{"line":118,"column":0},"end":{"line":131,"column":3}},"44":{"start":{"line":119,"column":2},"end":{"line":130,"column":3}},"45":{"start":{"line":120,"column":4},"end":{"line":127,"column":7}},"46":{"start":{"line":129,"column":4},"end":{"line":129,"column":69}},"47":{"start":{"line":133,"column":0},"end":{"line":133,"column":24}},"48":{"start":{"line":136,"column":0},"end":{"line":152,"column":3}},"49":{"start":{"line":137,"column":2},"end":{"line":151,"column":3}},"50":{"start":{"line":138,"column":18},"end":{"line":142,"column":5}},"51":{"start":{"line":144,"column":4},"end":{"line":147,"column":7}},"52":{"start":{"line":149,"column":4},"end":{"line":149,"column":49}},"53":{"start":{"line":150,"column":4},"end":{"line":150,"column":63}},"54":{"start":{"line":154,"column":0},"end":{"line":154,"column":24}}},"fnMap":{"0":{"name":"(anonymous_0)","decl":{"start":{"line":10,"column":25},"end":{"line":10,"column":26}},"loc":{"start":{"line":10,"column":45},"end":{"line":58,"column":1}},"line":10},"1":{"name":"(anonymous_1)","decl":{"start":{"line":61,"column":22},"end":{"line":61,"column":23}},"loc":{"start":{"line":61,"column":42},"end":{"line":102,"column":1}},"line":61},"2":{"name":"(anonymous_2)","decl":{"start":{"line":105,"column":37},"end":{"line":105,"column":38}},"loc":{"start":{"line":105,"column":57},"end":{"line":116,"column":1}},"line":105},"3":{"name":"(anonymous_3)","decl":{"start":{"line":118,"column":41},"end":{"line":118,"column":42}},"loc":{"start":{"line":118,"column":61},"end":{"line":131,"column":1}},"line":118},"4":{"name":"(anonymous_4)","decl":{"start":{"line":136,"column":43},"end":{"line":136,"column":44}},"loc":{"start":{"line":136,"column":63},"end":{"line":152,"column":1}},"line":136}},"branchMap":{"0":{"loc":{"start":{"line":12,"column":29},"end":{"line":12,"column":42}},"type":"default-arg","locations":[{"start":{"line":12,"column":36},"end":{"line":12,"column":42}}],"line":12},"1":{"loc":{"start":{"line":15,"column":4},"end":{"line":17,"column":5}},"type":"if","locations":[{"start":{"line":15,"column":4},"end":{"line":17,"column":5}},{"start":{},"end":{}}],"line":15},"2":{"loc":{"start":{"line":15,"column":8},"end":{"line":15,"column":27}},"type":"binary-expr","locations":[{"start":{"line":15,"column":8},"end":{"line":15,"column":14}},{"start":{"line":15,"column":18},"end":{"line":15,"column":27}}],"line":15},"3":{"loc":{"start":{"line":19,"column":4},"end":{"line":21,"column":5}},"type":"if","locations":[{"start":{"line":19,"column":4},"end":{"line":21,"column":5}},{"start":{},"end":{}}],"line":19},"4":{"loc":{"start":{"line":25,"column":4},"end":{"line":27,"column":5}},"type":"if","locations":[{"start":{"line":25,"column":4},"end":{"line":27,"column":5}},{"start":{},"end":{}}],"line":25},"5":{"loc":{"start":{"line":33,"column":12},"end":{"line":33,"column":47}},"type":"cond-expr","locations":[{"start":{"line":33,"column":31},"end":{"line":33,"column":38}},{"start":{"line":33,"column":41},"end":{"line":33,"column":47}}],"line":33},"6":{"loc":{"start":{"line":66,"column":4},"end":{"line":68,"column":5}},"type":"if","locations":[{"start":{"line":66,"column":4},"end":{"line":68,"column":5}},{"start":{},"end":{}}],"line":66},"7":{"loc":{"start":{"line":66,"column":8},"end":{"line":66,"column":27}},"type":"binary-expr","locations":[{"start":{"line":66,"column":8},"end":{"line":66,"column":14}},{"start":{"line":66,"column":18},"end":{"line":66,"column":27}}],"line":66},"8":{"loc":{"start":{"line":72,"column":4},"end":{"line":74,"column":5}},"type":"if","locations":[{"start":{"line":72,"column":4},"end":{"line":74,"column":5}},{"start":{},"end":{}}],"line":72},"9":{"loc":{"start":{"line":78,"column":4},"end":{"line":80,"column":5}},"type":"if","locations":[{"start":{"line":78,"column":4},"end":{"line":80,"column":5}},{"start":{},"end":{}}],"line":78}},"s":{"0":1,"1":1,"2":1,"3":1,"4":1,"5":1,"6":1,"7":3,"8":3,"9":3,"10":1,"11":2,"12":0,"13":2,"14":2,"15":1,"16":1,"17":1,"18":1,"19":1,"20":0,"21":0,"22":1,"23":2,"24":2,"25":2,"26":0,"27":2,"28":2,"29":1,"30":1,"31":1,"32":0,"33":1,"34":1,"35":0,"36":0,"37":1,"38":1,"39":1,"40":1,"41":0,"42":0,"43":1,"44":1,"45":1,"46":0,"47":1,"48":1,"49":1,"50":1,"51":1,"52":0,"53":0,"54":1},"f":{"0":3,"1":2,"2":1,"3":1,"4":1},"b":{"0":[3],"1":[1,2],"2":[3,2],"3":[0,2],"4":[1,1],"5":[0,1],"6":[0,2],"7":[2,2],"8":[1,1],"9":[0,1]},"_coverageSchema":"1a1c01bbd47fc00a2c39e90264f33305004495a9","hash":"0dfedd649dc4947d7c66c5944254a81d609f4b15"}
,"C:\\best\\github\\ProjectVideoPlatform\\routes\\videos.js": {"path":"C:\\best\\github\\ProjectVideoPlatform\\routes\\videos.js","statementMap":{"0":{"start":{"line":1,"column":16},"end":{"line":1,"column":34}},"1":{"start":{"line":2,"column":23},"end":{"line":2,"column":38}},"2":{"start":{"line":3,"column":44},"end":{"line":3,"column":73}},"3":{"start":{"line":4,"column":76},"end":{"line":4,"column":107}},"4":{"start":{"line":5,"column":34},"end":{"line":5,"column":69}},"5":{"start":{"line":6,"column":56},"end":{"line":6,"column":89}},"6":{"start":{"line":7,"column":19},"end":{"line":7,"column":43}},"7":{"start":{"line":8,"column":14},"end":{"line":8,"column":40}},"8":{"start":{"line":9,"column":17},"end":{"line":9,"column":46}},"9":{"start":{"line":10,"column":16},"end":{"line":10,"column":32}},"10":{"start":{"line":11,"column":15},"end":{"line":11,"column":31}},"11":{"start":{"line":12,"column":0},"end":{"line":36,"column":3}},"12":{"start":{"line":13,"column":2},"end":{"line":35,"column":3}},"13":{"start":{"line":14,"column":4},"end":{"line":14,"column":53}},"14":{"start":{"line":15,"column":24},"end":{"line":15,"column":33}},"15":{"start":{"line":17,"column":4},"end":{"line":19,"column":5}},"16":{"start":{"line":18,"column":6},"end":{"line":18,"column":68}},"17":{"start":{"line":21,"column":4},"end":{"line":21,"column":65}},"18":{"start":{"line":23,"column":21},"end":{"line":26,"column":6}},"19":{"start":{"line":28,"column":4},"end":{"line":30,"column":7}},"20":{"start":{"line":33,"column":4},"end":{"line":33,"column":50}},"21":{"start":{"line":34,"column":4},"end":{"line":34,"column":59}},"22":{"start":{"line":39,"column":0},"end":{"line":48,"column":3}},"23":{"start":{"line":40,"column":35},"end":{"line":40,"column":43}},"24":{"start":{"line":41,"column":19},"end":{"line":44,"column":4}},"25":{"start":{"line":45,"column":2},"end":{"line":45,"column":34}},"26":{"start":{"line":46,"column":2},"end":{"line":46,"column":24}},"27":{"start":{"line":47,"column":2},"end":{"line":47,"column":30}},"28":{"start":{"line":51,"column":0},"end":{"line":108,"column":3}},"29":{"start":{"line":52,"column":2},"end":{"line":107,"column":3}},"30":{"start":{"line":53,"column":55},"end":{"line":53,"column":64}},"31":{"start":{"line":54,"column":17},"end":{"line":54,"column":35}},"32":{"start":{"line":56,"column":16},"end":{"line":59,"column":5}},"33":{"start":{"line":61,"column":4},"end":{"line":67,"column":5}},"34":{"start":{"line":62,"column":6},"end":{"line":66,"column":8}},"35":{"start":{"line":69,"column":4},"end":{"line":71,"column":5}},"36":{"start":{"line":70,"column":6},"end":{"line":70,"column":39}},"37":{"start":{"line":73,"column":19},"end":{"line":77,"column":29}},"38":{"start":{"line":79,"column":18},"end":{"line":79,"column":51}},"39":{"start":{"line":82,"column":30},"end":{"line":85,"column":26}},"40":{"start":{"line":87,"column":37},"end":{"line":93,"column":7}},"41":{"start":{"line":87,"column":58},"end":{"line":93,"column":5}},"42":{"start":{"line":90,"column":46},"end":{"line":90,"column":66}},"43":{"start":{"line":91,"column":73},"end":{"line":91,"column":93}},"44":{"start":{"line":95,"column":4},"end":{"line":103,"column":7}},"45":{"start":{"line":105,"column":4},"end":{"line":105,"column":46}},"46":{"start":{"line":106,"column":4},"end":{"line":106,"column":51}},"47":{"start":{"line":111,"column":0},"end":{"line":155,"column":3}},"48":{"start":{"line":112,"column":2},"end":{"line":154,"column":3}},"49":{"start":{"line":113,"column":18},"end":{"line":116,"column":6}},"50":{"start":{"line":118,"column":4},"end":{"line":120,"column":5}},"51":{"start":{"line":119,"column":6},"end":{"line":119,"column":64}},"52":{"start":{"line":123,"column":21},"end":{"line":132,"column":6}},"53":{"start":{"line":134,"column":20},"end":{"line":134,"column":59}},"54":{"start":{"line":136,"column":4},"end":{"line":150,"column":7}},"55":{"start":{"line":152,"column":4},"end":{"line":152,"column":45}},"56":{"start":{"line":153,"column":4},"end":{"line":153,"column":51}},"57":{"start":{"line":158,"column":0},"end":{"line":223,"column":3}},"58":{"start":{"line":159,"column":2},"end":{"line":222,"column":3}},"59":{"start":{"line":160,"column":81},"end":{"line":160,"column":89}},"60":{"start":{"line":163,"column":4},"end":{"line":165,"column":5}},"61":{"start":{"line":164,"column":6},"end":{"line":164,"column":66}},"62":{"start":{"line":167,"column":4},"end":{"line":169,"column":5}},"63":{"start":{"line":168,"column":6},"end":{"line":168,"column":70}},"64":{"start":{"line":171,"column":4},"end":{"line":173,"column":5}},"65":{"start":{"line":172,"column":6},"end":{"line":172,"column":70}},"66":{"start":{"line":175,"column":4},"end":{"line":177,"column":5}},"67":{"start":{"line":176,"column":6},"end":{"line":176,"column":73}},"68":{"start":{"line":180,"column":4},"end":{"line":180,"column":45}},"69":{"start":{"line":181,"column":4},"end":{"line":181,"column":31}},"70":{"start":{"line":183,"column":20},"end":{"line":183,"column":28}},"71":{"start":{"line":185,"column":4},"end":{"line":185,"column":72}},"72":{"start":{"line":188,"column":18},"end":{"line":197,"column":6}},"73":{"start":{"line":195,"column":46},"end":{"line":195,"column":56}},"74":{"start":{"line":199,"column":4},"end":{"line":199,"column":23}},"75":{"start":{"line":200,"column":4},"end":{"line":200,"column":52}},"76":{"start":{"line":203,"column":23},"end":{"line":203,"column":97}},"77":{"start":{"line":205,"column":4},"end":{"line":217,"column":7}},"78":{"start":{"line":220,"column":4},"end":{"line":220,"column":53}},"79":{"start":{"line":221,"column":4},"end":{"line":221,"column":51}},"80":{"start":{"line":226,"column":0},"end":{"line":289,"column":3}},"81":{"start":{"line":227,"column":2},"end":{"line":288,"column":3}},"82":{"start":{"line":228,"column":24},"end":{"line":228,"column":34}},"83":{"start":{"line":230,"column":18},"end":{"line":230,"column":54}},"84":{"start":{"line":232,"column":4},"end":{"line":234,"column":5}},"85":{"start":{"line":233,"column":6},"end":{"line":233,"column":64}},"86":{"start":{"line":236,"column":4},"end":{"line":241,"column":5}},"87":{"start":{"line":237,"column":6},"end":{"line":240,"column":9}},"88":{"start":{"line":243,"column":4},"end":{"line":243,"column":59}},"89":{"start":{"line":246,"column":4},"end":{"line":246,"column":36}},"90":{"start":{"line":247,"column":4},"end":{"line":247,"column":91}},"91":{"start":{"line":248,"column":4},"end":{"line":248,"column":23}},"92":{"start":{"line":251,"column":24},"end":{"line":251,"column":69}},"93":{"start":{"line":252,"column":25},"end":{"line":252,"column":76}},"94":{"start":{"line":254,"column":4},"end":{"line":283,"column":5}},"95":{"start":{"line":255,"column":6},"end":{"line":255,"column":40}},"96":{"start":{"line":256,"column":18},"end":{"line":256,"column":81}},"97":{"start":{"line":257,"column":6},"end":{"line":257,"column":39}},"98":{"start":{"line":258,"column":6},"end":{"line":258,"column":25}},"99":{"start":{"line":260,"column":6},"end":{"line":260,"column":79}},"100":{"start":{"line":262,"column":6},"end":{"line":272,"column":9}},"101":{"start":{"line":275,"column":6},"end":{"line":275,"column":52}},"102":{"start":{"line":276,"column":6},"end":{"line":276,"column":36}},"103":{"start":{"line":277,"column":6},"end":{"line":277,"column":43}},"104":{"start":{"line":278,"column":6},"end":{"line":278,"column":25}},"105":{"start":{"line":279,"column":6},"end":{"line":282,"column":9}},"106":{"start":{"line":286,"column":4},"end":{"line":286,"column":51}},"107":{"start":{"line":287,"column":4},"end":{"line":287,"column":51}},"108":{"start":{"line":292,"column":0},"end":{"line":318,"column":3}},"109":{"start":{"line":293,"column":2},"end":{"line":317,"column":3}},"110":{"start":{"line":294,"column":24},"end":{"line":294,"column":34}},"111":{"start":{"line":295,"column":22},"end":{"line":295,"column":30}},"112":{"start":{"line":297,"column":18},"end":{"line":297,"column":55}},"113":{"start":{"line":299,"column":4},"end":{"line":301,"column":5}},"114":{"start":{"line":300,"column":6},"end":{"line":300,"column":64}},"115":{"start":{"line":303,"column":4},"end":{"line":303,"column":66}},"116":{"start":{"line":305,"column":4},"end":{"line":305,"column":34}},"117":{"start":{"line":306,"column":4},"end":{"line":306,"column":50}},"118":{"start":{"line":307,"column":4},"end":{"line":307,"column":23}},"119":{"start":{"line":309,"column":4},"end":{"line":312,"column":7}},"120":{"start":{"line":315,"column":4},"end":{"line":315,"column":57}},"121":{"start":{"line":316,"column":4},"end":{"line":316,"column":51}},"122":{"start":{"line":321,"column":0},"end":{"line":374,"column":3}},"123":{"start":{"line":322,"column":2},"end":{"line":373,"column":3}},"124":{"start":{"line":323,"column":18},"end":{"line":327,"column":6}},"125":{"start":{"line":329,"column":4},"end":{"line":331,"column":5}},"126":{"start":{"line":330,"column":6},"end":{"line":330,"column":81}},"127":{"start":{"line":334,"column":29},"end":{"line":338,"column":6}},"128":{"start":{"line":340,"column":4},"end":{"line":345,"column":5}},"129":{"start":{"line":341,"column":6},"end":{"line":344,"column":9}},"130":{"start":{"line":348,"column":21},"end":{"line":353,"column":6}},"131":{"start":{"line":355,"column":4},"end":{"line":355,"column":26}},"132":{"start":{"line":358,"column":4},"end":{"line":358,"column":45}},"133":{"start":{"line":359,"column":4},"end":{"line":359,"column":26}},"134":{"start":{"line":361,"column":4},"end":{"line":369,"column":7}},"135":{"start":{"line":371,"column":4},"end":{"line":371,"column":44}},"136":{"start":{"line":372,"column":4},"end":{"line":372,"column":51}},"137":{"start":{"line":377,"column":0},"end":{"line":433,"column":3}},"138":{"start":{"line":378,"column":2},"end":{"line":432,"column":3}},"139":{"start":{"line":379,"column":18},"end":{"line":382,"column":6}},"140":{"start":{"line":384,"column":4},"end":{"line":386,"column":5}},"141":{"start":{"line":385,"column":6},"end":{"line":385,"column":64}},"142":{"start":{"line":388,"column":4},"end":{"line":393,"column":5}},"143":{"start":{"line":389,"column":6},"end":{"line":392,"column":9}},"144":{"start":{"line":396,"column":20},"end":{"line":397,"column":68}},"145":{"start":{"line":399,"column":4},"end":{"line":401,"column":5}},"146":{"start":{"line":400,"column":6},"end":{"line":400,"column":85}},"147":{"start":{"line":404,"column":21},"end":{"line":408,"column":6}},"148":{"start":{"line":410,"column":4},"end":{"line":412,"column":5}},"149":{"start":{"line":411,"column":6},"end":{"line":411,"column":36}},"150":{"start":{"line":415,"column":35},"end":{"line":415,"column":70}},"151":{"start":{"line":418,"column":4},"end":{"line":418,"column":39}},"152":{"start":{"line":419,"column":5},"end":{"line":419,"column":26}},"153":{"start":{"line":420,"column":4},"end":{"line":427,"column":7}},"154":{"start":{"line":430,"column":4},"end":{"line":430,"column":40}},"155":{"start":{"line":431,"column":4},"end":{"line":431,"column":51}},"156":{"start":{"line":438,"column":21},"end":{"line":458,"column":1}},"157":{"start":{"line":439,"column":2},"end":{"line":457,"column":3}},"158":{"start":{"line":441,"column":4},"end":{"line":443,"column":5}},"159":{"start":{"line":442,"column":6},"end":{"line":442,"column":38}},"160":{"start":{"line":446,"column":4},"end":{"line":452,"column":5}},"161":{"start":{"line":447,"column":6},"end":{"line":451,"column":7}},"162":{"start":{"line":448,"column":8},"end":{"line":448,"column":56}},"163":{"start":{"line":453,"column":4},"end":{"line":453,"column":11}},"164":{"start":{"line":455,"column":4},"end":{"line":455,"column":51}},"165":{"start":{"line":456,"column":4},"end":{"line":456,"column":45}},"166":{"start":{"line":460,"column":0},"end":{"line":507,"column":2}},"167":{"start":{"line":464,"column":4},"end":{"line":464,"column":36}},"168":{"start":{"line":466,"column":17},"end":{"line":466,"column":25}},"169":{"start":{"line":467,"column":4},"end":{"line":467,"column":35}},"170":{"start":{"line":470,"column":23},"end":{"line":470,"column":42}},"171":{"start":{"line":471,"column":19},"end":{"line":471,"column":30}},"172":{"start":{"line":473,"column":4},"end":{"line":473,"column":44}},"173":{"start":{"line":474,"column":4},"end":{"line":474,"column":35}},"174":{"start":{"line":476,"column":4},"end":{"line":503,"column":5}},"175":{"start":{"line":477,"column":21},"end":{"line":477,"column":34}},"176":{"start":{"line":479,"column":8},"end":{"line":481,"column":12}},"177":{"start":{"line":483,"column":6},"end":{"line":483,"column":79}},"178":{"start":{"line":485,"column":6},"end":{"line":488,"column":7}},"179":{"start":{"line":486,"column":8},"end":{"line":486,"column":77}},"180":{"start":{"line":487,"column":8},"end":{"line":487,"column":54}},"181":{"start":{"line":491,"column":20},"end":{"line":491,"column":56}},"182":{"start":{"line":492,"column":6},"end":{"line":502,"column":7}},"183":{"start":{"line":493,"column":8},"end":{"line":498,"column":9}},"184":{"start":{"line":494,"column":10},"end":{"line":494,"column":43}},"185":{"start":{"line":495,"column":10},"end":{"line":495,"column":64}},"186":{"start":{"line":496,"column":15},"end":{"line":498,"column":9}},"187":{"start":{"line":497,"column":10},"end":{"line":497,"column":40}},"188":{"start":{"line":499,"column":8},"end":{"line":499,"column":27}},"189":{"start":{"line":501,"column":8},"end":{"line":501,"column":73}},"190":{"start":{"line":505,"column":4},"end":{"line":505,"column":33}},"191":{"start":{"line":510,"column":0},"end":{"line":557,"column":3}},"192":{"start":{"line":511,"column":2},"end":{"line":556,"column":3}},"193":{"start":{"line":512,"column":17},"end":{"line":512,"column":25}},"194":{"start":{"line":513,"column":23},"end":{"line":513,"column":27}},"195":{"start":{"line":515,"column":4},"end":{"line":517,"column":5}},"196":{"start":{"line":516,"column":6},"end":{"line":516,"column":72}},"197":{"start":{"line":519,"column":20},"end":{"line":519,"column":47}},"198":{"start":{"line":520,"column":18},"end":{"line":520,"column":54}},"199":{"start":{"line":522,"column":4},"end":{"line":525,"column":5}},"200":{"start":{"line":523,"column":6},"end":{"line":523,"column":63}},"201":{"start":{"line":524,"column":6},"end":{"line":524,"column":64}},"202":{"start":{"line":527,"column":4},"end":{"line":549,"column":5}},"203":{"start":{"line":528,"column":6},"end":{"line":528,"column":39}},"204":{"start":{"line":529,"column":6},"end":{"line":529,"column":64}},"205":{"start":{"line":530,"column":6},"end":{"line":530,"column":60}},"206":{"start":{"line":532,"column":6},"end":{"line":537,"column":7}},"207":{"start":{"line":533,"column":28},"end":{"line":533,"column":61}},"208":{"start":{"line":534,"column":8},"end":{"line":536,"column":9}},"209":{"start":{"line":535,"column":10},"end":{"line":535,"column":71}},"210":{"start":{"line":539,"column":6},"end":{"line":539,"column":25}},"211":{"start":{"line":540,"column":6},"end":{"line":540,"column":59}},"212":{"start":{"line":542,"column":11},"end":{"line":549,"column":5}},"213":{"start":{"line":543,"column":6},"end":{"line":543,"column":36}},"214":{"start":{"line":544,"column":6},"end":{"line":546,"column":7}},"215":{"start":{"line":545,"column":8},"end":{"line":545,"column":49}},"216":{"start":{"line":547,"column":6},"end":{"line":547,"column":25}},"217":{"start":{"line":548,"column":6},"end":{"line":548,"column":56}},"218":{"start":{"line":551,"column":4},"end":{"line":551,"column":33}},"219":{"start":{"line":554,"column":4},"end":{"line":554,"column":43}},"220":{"start":{"line":555,"column":4},"end":{"line":555,"column":51}},"221":{"start":{"line":560,"column":0},"end":{"line":604,"column":3}},"222":{"start":{"line":561,"column":2},"end":{"line":603,"column":3}},"223":{"start":{"line":562,"column":37},"end":{"line":562,"column":46}},"224":{"start":{"line":563,"column":17},"end":{"line":563,"column":35}},"225":{"start":{"line":565,"column":22},"end":{"line":572,"column":27}},"226":{"start":{"line":574,"column":18},"end":{"line":577,"column":6}},"227":{"start":{"line":579,"column":28},"end":{"line":589,"column":7}},"228":{"start":{"line":579,"column":55},"end":{"line":589,"column":5}},"229":{"start":{"line":591,"column":4},"end":{"line":599,"column":7}},"230":{"start":{"line":601,"column":4},"end":{"line":601,"column":56}},"231":{"start":{"line":602,"column":4},"end":{"line":602,"column":51}},"232":{"start":{"line":606,"column":0},"end":{"line":606,"column":24}}},"fnMap":{"0":{"name":"(anonymous_0)","decl":{"start":{"line":12,"column":49},"end":{"line":12,"column":50}},"loc":{"start":{"line":12,"column":69},"end":{"line":36,"column":1}},"line":12},"1":{"name":"(anonymous_1)","decl":{"start":{"line":39,"column":50},"end":{"line":39,"column":51}},"loc":{"start":{"line":39,"column":70},"end":{"line":48,"column":1}},"line":39},"2":{"name":"(anonymous_2)","decl":{"start":{"line":51,"column":35},"end":{"line":51,"column":36}},"loc":{"start":{"line":51,"column":55},"end":{"line":108,"column":1}},"line":51},"3":{"name":"(anonymous_3)","decl":{"start":{"line":87,"column":48},"end":{"line":87,"column":49}},"loc":{"start":{"line":87,"column":58},"end":{"line":93,"column":5}},"line":87},"4":{"name":"(anonymous_4)","decl":{"start":{"line":90,"column":40},"end":{"line":90,"column":41}},"loc":{"start":{"line":90,"column":46},"end":{"line":90,"column":66}},"line":90},"5":{"name":"(anonymous_5)","decl":{"start":{"line":91,"column":67},"end":{"line":91,"column":68}},"loc":{"start":{"line":91,"column":73},"end":{"line":91,"column":93}},"line":91},"6":{"name":"(anonymous_6)","decl":{"start":{"line":111,"column":38},"end":{"line":111,"column":39}},"loc":{"start":{"line":111,"column":58},"end":{"line":155,"column":1}},"line":111},"7":{"name":"(anonymous_7)","decl":{"start":{"line":158,"column":67},"end":{"line":158,"column":68}},"loc":{"start":{"line":158,"column":87},"end":{"line":223,"column":1}},"line":158},"8":{"name":"(anonymous_8)","decl":{"start":{"line":195,"column":39},"end":{"line":195,"column":40}},"loc":{"start":{"line":195,"column":46},"end":{"line":195,"column":56}},"line":195},"9":{"name":"(anonymous_9)","decl":{"start":{"line":226,"column":74},"end":{"line":226,"column":75}},"loc":{"start":{"line":226,"column":94},"end":{"line":289,"column":1}},"line":226},"10":{"name":"(anonymous_10)","decl":{"start":{"line":292,"column":72},"end":{"line":292,"column":73}},"loc":{"start":{"line":292,"column":92},"end":{"line":318,"column":1}},"line":292},"11":{"name":"(anonymous_11)","decl":{"start":{"line":321,"column":48},"end":{"line":321,"column":49}},"loc":{"start":{"line":321,"column":68},"end":{"line":374,"column":1}},"line":321},"12":{"name":"(anonymous_12)","decl":{"start":{"line":377,"column":44},"end":{"line":377,"column":45}},"loc":{"start":{"line":377,"column":64},"end":{"line":433,"column":1}},"line":377},"13":{"name":"(anonymous_13)","decl":{"start":{"line":438,"column":21},"end":{"line":438,"column":22}},"loc":{"start":{"line":438,"column":41},"end":{"line":458,"column":1}},"line":438},"14":{"name":"(anonymous_14)","decl":{"start":{"line":463,"column":2},"end":{"line":463,"column":3}},"loc":{"start":{"line":463,"column":22},"end":{"line":506,"column":3}},"line":463},"15":{"name":"(anonymous_15)","decl":{"start":{"line":510,"column":37},"end":{"line":510,"column":38}},"loc":{"start":{"line":510,"column":57},"end":{"line":557,"column":1}},"line":510},"16":{"name":"(anonymous_16)","decl":{"start":{"line":560,"column":49},"end":{"line":560,"column":50}},"loc":{"start":{"line":560,"column":69},"end":{"line":604,"column":1}},"line":560},"17":{"name":"(anonymous_17)","decl":{"start":{"line":579,"column":42},"end":{"line":579,"column":43}},"loc":{"start":{"line":579,"column":55},"end":{"line":589,"column":5}},"line":579}},"branchMap":{"0":{"loc":{"start":{"line":17,"column":4},"end":{"line":19,"column":5}},"type":"if","locations":[{"start":{"line":17,"column":4},"end":{"line":19,"column":5}},{"start":{},"end":{}}],"line":17},"1":{"loc":{"start":{"line":29,"column":16},"end":{"line":29,"column":39}},"type":"binary-expr","locations":[{"start":{"line":29,"column":16},"end":{"line":29,"column":34}},{"start":{"line":29,"column":38},"end":{"line":29,"column":39}}],"line":29},"2":{"loc":{"start":{"line":53,"column":12},"end":{"line":53,"column":20}},"type":"default-arg","locations":[{"start":{"line":53,"column":19},"end":{"line":53,"column":20}}],"line":53},"3":{"loc":{"start":{"line":53,"column":22},"end":{"line":53,"column":32}},"type":"default-arg","locations":[{"start":{"line":53,"column":30},"end":{"line":53,"column":32}}],"line":53},"4":{"loc":{"start":{"line":61,"column":4},"end":{"line":67,"column":5}},"type":"if","locations":[{"start":{"line":61,"column":4},"end":{"line":67,"column":5}},{"start":{},"end":{}}],"line":61},"5":{"loc":{"start":{"line":69,"column":4},"end":{"line":71,"column":5}},"type":"if","locations":[{"start":{"line":69,"column":4},"end":{"line":71,"column":5}},{"start":{},"end":{}}],"line":69},"6":{"loc":{"start":{"line":91,"column":15},"end":{"line":91,"column":94}},"type":"binary-expr","locations":[{"start":{"line":91,"column":15},"end":{"line":91,"column":40}},{"start":{"line":91,"column":44},"end":{"line":91,"column":94}}],"line":91},"7":{"loc":{"start":{"line":118,"column":4},"end":{"line":120,"column":5}},"type":"if","locations":[{"start":{"line":118,"column":4},"end":{"line":120,"column":5}},{"start":{},"end":{}}],"line":118},"8":{"loc":{"start":{"line":134,"column":20},"end":{"line":134,"column":59}},"type":"binary-expr","locations":[{"start":{"line":134,"column":20},"end":{"line":134,"column":30}},{"start":{"line":134,"column":34},"end":{"line":134,"column":59}}],"line":134},"9":{"loc":{"start":{"line":140,"column":25},"end":{"line":140,"column":68}},"type":"cond-expr","locations":[{"start":{"line":140,"column":35},"end":{"line":140,"column":56}},{"start":{"line":140,"column":59},"end":{"line":140,"column":68}}],"line":140},"10":{"loc":{"start":{"line":141,"column":27},"end":{"line":141,"column":90}},"type":"cond-expr","locations":[{"start":{"line":141,"column":55},"end":{"line":141,"column":78}},{"start":{"line":141,"column":81},"end":{"line":141,"column":90}}],"line":141},"11":{"loc":{"start":{"line":145,"column":20},"end":{"line":149,"column":14}},"type":"cond-expr","locations":[{"start":{"line":145,"column":31},"end":{"line":149,"column":7}},{"start":{"line":149,"column":10},"end":{"line":149,"column":14}}],"line":145},"12":{"loc":{"start":{"line":163,"column":4},"end":{"line":165,"column":5}},"type":"if","locations":[{"start":{"line":163,"column":4},"end":{"line":165,"column":5}},{"start":{},"end":{}}],"line":163},"13":{"loc":{"start":{"line":167,"column":4},"end":{"line":169,"column":5}},"type":"if","locations":[{"start":{"line":167,"column":4},"end":{"line":169,"column":5}},{"start":{},"end":{}}],"line":167},"14":{"loc":{"start":{"line":171,"column":4},"end":{"line":173,"column":5}},"type":"if","locations":[{"start":{"line":171,"column":4},"end":{"line":173,"column":5}},{"start":{},"end":{}}],"line":171},"15":{"loc":{"start":{"line":175,"column":4},"end":{"line":177,"column":5}},"type":"if","locations":[{"start":{"line":175,"column":4},"end":{"line":177,"column":5}},{"start":{},"end":{}}],"line":175},"16":{"loc":{"start":{"line":192,"column":13},"end":{"line":192,"column":35}},"type":"binary-expr","locations":[{"start":{"line":192,"column":13},"end":{"line":192,"column":30}},{"start":{"line":192,"column":34},"end":{"line":192,"column":35}}],"line":192},"17":{"loc":{"start":{"line":195,"column":12},"end":{"line":195,"column":62}},"type":"cond-expr","locations":[{"start":{"line":195,"column":19},"end":{"line":195,"column":57}},{"start":{"line":195,"column":60},"end":{"line":195,"column":62}}],"line":195},"18":{"loc":{"start":{"line":232,"column":4},"end":{"line":234,"column":5}},"type":"if","locations":[{"start":{"line":232,"column":4},"end":{"line":234,"column":5}},{"start":{},"end":{}}],"line":232},"19":{"loc":{"start":{"line":236,"column":4},"end":{"line":241,"column":5}},"type":"if","locations":[{"start":{"line":236,"column":4},"end":{"line":241,"column":5}},{"start":{},"end":{}}],"line":236},"20":{"loc":{"start":{"line":299,"column":4},"end":{"line":301,"column":5}},"type":"if","locations":[{"start":{"line":299,"column":4},"end":{"line":301,"column":5}},{"start":{},"end":{}}],"line":299},"21":{"loc":{"start":{"line":306,"column":25},"end":{"line":306,"column":49}},"type":"binary-expr","locations":[{"start":{"line":306,"column":25},"end":{"line":306,"column":30}},{"start":{"line":306,"column":34},"end":{"line":306,"column":49}}],"line":306},"22":{"loc":{"start":{"line":329,"column":4},"end":{"line":331,"column":5}},"type":"if","locations":[{"start":{"line":329,"column":4},"end":{"line":331,"column":5}},{"start":{},"end":{}}],"line":329},"23":{"loc":{"start":{"line":340,"column":4},"end":{"line":345,"column":5}},"type":"if","locations":[{"start":{"line":340,"column":4},"end":{"line":345,"column":5}},{"start":{},"end":{}}],"line":340},"24":{"loc":{"start":{"line":384,"column":4},"end":{"line":386,"column":5}},"type":"if","locations":[{"start":{"line":384,"column":4},"end":{"line":386,"column":5}},{"start":{},"end":{}}],"line":384},"25":{"loc":{"start":{"line":388,"column":4},"end":{"line":393,"column":5}},"type":"if","locations":[{"start":{"line":388,"column":4},"end":{"line":393,"column":5}},{"start":{},"end":{}}],"line":388},"26":{"loc":{"start":{"line":396,"column":20},"end":{"line":397,"column":68}},"type":"binary-expr","locations":[{"start":{"line":396,"column":20},"end":{"line":396,"column":45}},{"start":{"line":397,"column":19},"end":{"line":397,"column":68}}],"line":396},"27":{"loc":{"start":{"line":399,"column":4},"end":{"line":401,"column":5}},"type":"if","locations":[{"start":{"line":399,"column":4},"end":{"line":401,"column":5}},{"start":{},"end":{}}],"line":399},"28":{"loc":{"start":{"line":410,"column":4},"end":{"line":412,"column":5}},"type":"if","locations":[{"start":{"line":410,"column":4},"end":{"line":412,"column":5}},{"start":{},"end":{}}],"line":410},"29":{"loc":{"start":{"line":441,"column":4},"end":{"line":443,"column":5}},"type":"if","locations":[{"start":{"line":441,"column":4},"end":{"line":443,"column":5}},{"start":{},"end":{}}],"line":441},"30":{"loc":{"start":{"line":446,"column":4},"end":{"line":452,"column":5}},"type":"if","locations":[{"start":{"line":446,"column":4},"end":{"line":452,"column":5}},{"start":{},"end":{}}],"line":446},"31":{"loc":{"start":{"line":446,"column":8},"end":{"line":446,"column":60}},"type":"binary-expr","locations":[{"start":{"line":446,"column":8},"end":{"line":446,"column":40}},{"start":{"line":446,"column":44},"end":{"line":446,"column":60}}],"line":446},"32":{"loc":{"start":{"line":476,"column":4},"end":{"line":503,"column":5}},"type":"if","locations":[{"start":{"line":476,"column":4},"end":{"line":503,"column":5}},{"start":{},"end":{}}],"line":476},"33":{"loc":{"start":{"line":479,"column":8},"end":{"line":481,"column":12}},"type":"binary-expr","locations":[{"start":{"line":479,"column":8},"end":{"line":479,"column":36}},{"start":{"line":480,"column":8},"end":{"line":480,"column":36}},{"start":{"line":481,"column":8},"end":{"line":481,"column":12}}],"line":479},"34":{"loc":{"start":{"line":485,"column":6},"end":{"line":488,"column":7}},"type":"if","locations":[{"start":{"line":485,"column":6},"end":{"line":488,"column":7}},{"start":{},"end":{}}],"line":485},"35":{"loc":{"start":{"line":492,"column":6},"end":{"line":502,"column":7}},"type":"if","locations":[{"start":{"line":492,"column":6},"end":{"line":502,"column":7}},{"start":{},"end":{}}],"line":492},"36":{"loc":{"start":{"line":493,"column":8},"end":{"line":498,"column":9}},"type":"if","locations":[{"start":{"line":493,"column":8},"end":{"line":498,"column":9}},{"start":{"line":496,"column":15},"end":{"line":498,"column":9}}],"line":493},"37":{"loc":{"start":{"line":496,"column":15},"end":{"line":498,"column":9}},"type":"if","locations":[{"start":{"line":496,"column":15},"end":{"line":498,"column":9}},{"start":{},"end":{}}],"line":496},"38":{"loc":{"start":{"line":515,"column":4},"end":{"line":517,"column":5}},"type":"if","locations":[{"start":{"line":515,"column":4},"end":{"line":517,"column":5}},{"start":{},"end":{}}],"line":515},"39":{"loc":{"start":{"line":515,"column":8},"end":{"line":515,"column":71}},"type":"binary-expr","locations":[{"start":{"line":515,"column":8},"end":{"line":515,"column":15}},{"start":{"line":515,"column":19},"end":{"line":515,"column":39}},{"start":{"line":515,"column":43},"end":{"line":515,"column":71}}],"line":515},"40":{"loc":{"start":{"line":522,"column":4},"end":{"line":525,"column":5}},"type":"if","locations":[{"start":{"line":522,"column":4},"end":{"line":525,"column":5}},{"start":{},"end":{}}],"line":522},"41":{"loc":{"start":{"line":527,"column":4},"end":{"line":549,"column":5}},"type":"if","locations":[{"start":{"line":527,"column":4},"end":{"line":549,"column":5}},{"start":{"line":542,"column":11},"end":{"line":549,"column":5}}],"line":527},"42":{"loc":{"start":{"line":532,"column":6},"end":{"line":537,"column":7}},"type":"if","locations":[{"start":{"line":532,"column":6},"end":{"line":537,"column":7}},{"start":{},"end":{}}],"line":532},"43":{"loc":{"start":{"line":532,"column":10},"end":{"line":532,"column":61}},"type":"binary-expr","locations":[{"start":{"line":532,"column":10},"end":{"line":532,"column":27}},{"start":{"line":532,"column":31},"end":{"line":532,"column":61}}],"line":532},"44":{"loc":{"start":{"line":534,"column":8},"end":{"line":536,"column":9}},"type":"if","locations":[{"start":{"line":534,"column":8},"end":{"line":536,"column":9}},{"start":{},"end":{}}],"line":534},"45":{"loc":{"start":{"line":534,"column":12},"end":{"line":534,"column":51}},"type":"binary-expr","locations":[{"start":{"line":534,"column":12},"end":{"line":534,"column":23}},{"start":{"line":534,"column":27},"end":{"line":534,"column":51}}],"line":534},"46":{"loc":{"start":{"line":542,"column":11},"end":{"line":549,"column":5}},"type":"if","locations":[{"start":{"line":542,"column":11},"end":{"line":549,"column":5}},{"start":{},"end":{}}],"line":542},"47":{"loc":{"start":{"line":544,"column":6},"end":{"line":546,"column":7}},"type":"if","locations":[{"start":{"line":544,"column":6},"end":{"line":546,"column":7}},{"start":{},"end":{}}],"line":544},"48":{"loc":{"start":{"line":562,"column":12},"end":{"line":562,"column":20}},"type":"default-arg","locations":[{"start":{"line":562,"column":19},"end":{"line":562,"column":20}}],"line":562},"49":{"loc":{"start":{"line":562,"column":22},"end":{"line":562,"column":32}},"type":"default-arg","locations":[{"start":{"line":562,"column":30},"end":{"line":562,"column":32}}],"line":562}},"s":{"0":1,"1":1,"2":1,"3":1,"4":1,"5":1,"6":1,"7":1,"8":1,"9":1,"10":1,"11":1,"12":1,"13":1,"14":1,"15":1,"16":0,"17":1,"18":1,"19":1,"20":0,"21":0,"22":1,"23":1,"24":1,"25":1,"26":1,"27":1,"28":1,"29":1,"30":1,"31":1,"32":1,"33":1,"34":0,"35":1,"36":0,"37":1,"38":1,"39":1,"40":1,"41":1,"42":0,"43":0,"44":1,"45":0,"46":0,"47":1,"48":1,"49":1,"50":1,"51":0,"52":1,"53":1,"54":1,"55":0,"56":0,"57":1,"58":1,"59":1,"60":1,"61":0,"62":1,"63":0,"64":1,"65":0,"66":1,"67":0,"68":1,"69":1,"70":1,"71":1,"72":1,"73":0,"74":1,"75":1,"76":1,"77":1,"78":0,"79":0,"80":1,"81":1,"82":1,"83":1,"84":1,"85":0,"86":1,"87":0,"88":1,"89":1,"90":1,"91":1,"92":1,"93":1,"94":1,"95":1,"96":1,"97":1,"98":1,"99":1,"100":1,"101":0,"102":0,"103":0,"104":0,"105":0,"106":0,"107":0,"108":1,"109":0,"110":0,"111":0,"112":0,"113":0,"114":0,"115":0,"116":0,"117":0,"118":0,"119":0,"120":0,"121":0,"122":1,"123":1,"124":1,"125":1,"126":0,"127":1,"128":1,"129":0,"130":1,"131":1,"132":1,"133":1,"134":1,"135":0,"136":0,"137":1,"138":1,"139":1,"140":1,"141":0,"142":1,"143":0,"144":1,"145":1,"146":0,"147":1,"148":1,"149":1,"150":1,"151":1,"152":1,"153":1,"154":0,"155":0,"156":1,"157":0,"158":0,"159":0,"160":0,"161":0,"162":0,"163":0,"164":0,"165":0,"166":1,"167":0,"168":0,"169":0,"170":0,"171":0,"172":0,"173":0,"174":0,"175":0,"176":0,"177":0,"178":0,"179":0,"180":0,"181":0,"182":0,"183":0,"184":0,"185":0,"186":0,"187":0,"188":0,"189":0,"190":0,"191":1,"192":1,"193":1,"194":1,"195":1,"196":0,"197":1,"198":1,"199":1,"200":0,"201":0,"202":1,"203":1,"204":1,"205":1,"206":1,"207":0,"208":0,"209":0,"210":1,"211":1,"212":0,"213":0,"214":0,"215":0,"216":0,"217":0,"218":1,"219":0,"220":0,"221":1,"222":0,"223":0,"224":0,"225":0,"226":0,"227":0,"228":0,"229":0,"230":0,"231":0,"232":1},"f":{"0":1,"1":1,"2":1,"3":1,"4":0,"5":0,"6":1,"7":1,"8":0,"9":1,"10":0,"11":1,"12":1,"13":0,"14":0,"15":1,"16":0,"17":0},"b":{"0":[0,1],"1":[1,0],"2":[1],"3":[1],"4":[0,1],"5":[0,1],"6":[1,1],"7":[0,1],"8":[1,1],"9":[0,1],"10":[0,1],"11":[0,1],"12":[0,1],"13":[0,1],"14":[0,1],"15":[0,1],"16":[1,1],"17":[0,1],"18":[0,1],"19":[0,1],"20":[0,0],"21":[0,0],"22":[0,1],"23":[0,1],"24":[0,1],"25":[0,1],"26":[1,1],"27":[0,1],"28":[1,0],"29":[0,0],"30":[0,0],"31":[0,0],"32":[0,0],"33":[0,0,0],"34":[0,0],"35":[0,0],"36":[0,0],"37":[0,0],"38":[0,1],"39":[1,1,1],"40":[0,1],"41":[1,0],"42":[0,1],"43":[1,0],"44":[0,0],"45":[0,0],"46":[0,0],"47":[0,0],"48":[0],"49":[0]},"_coverageSchema":"1a1c01bbd47fc00a2c39e90264f33305004495a9","hash":"b0f2c74211fd647a4decdd3fb095d0211fe73311"}
,"C:\\best\\github\\ProjectVideoPlatform\\services\\mediaConvert.js": {"path":"C:\\best\\github\\ProjectVideoPlatform\\services\\mediaConvert.js","statementMap":{"0":{"start":{"line":1,"column":33},"end":{"line":1,"column":57}},"1":{"start":{"line":3,"column":30},"end":{"line":216,"column":1}},"2":{"start":{"line":4,"column":22},"end":{"line":197,"column":3}},"3":{"start":{"line":199,"column":17},"end":{"line":206,"column":3}},"4":{"start":{"line":208,"column":2},"end":{"line":215,"column":3}},"5":{"start":{"line":209,"column":19},"end":{"line":209,"column":65}},"6":{"start":{"line":210,"column":4},"end":{"line":210,"column":84}},"7":{"start":{"line":211,"column":4},"end":{"line":211,"column":22}},"8":{"start":{"line":213,"column":4},"end":{"line":213,"column":62}},"9":{"start":{"line":214,"column":4},"end":{"line":214,"column":16}},"10":{"start":{"line":219,"column":21},"end":{"line":228,"column":1}},"11":{"start":{"line":220,"column":2},"end":{"line":227,"column":3}},"12":{"start":{"line":221,"column":19},"end":{"line":221,"column":32}},"13":{"start":{"line":222,"column":19},"end":{"line":222,"column":62}},"14":{"start":{"line":223,"column":4},"end":{"line":223,"column":22}},"15":{"start":{"line":225,"column":4},"end":{"line":225,"column":54}},"16":{"start":{"line":226,"column":4},"end":{"line":226,"column":16}},"17":{"start":{"line":231,"column":18},"end":{"line":241,"column":1}},"18":{"start":{"line":232,"column":2},"end":{"line":240,"column":3}},"19":{"start":{"line":233,"column":19},"end":{"line":233,"column":32}},"20":{"start":{"line":234,"column":19},"end":{"line":234,"column":65}},"21":{"start":{"line":235,"column":4},"end":{"line":235,"column":56}},"22":{"start":{"line":236,"column":4},"end":{"line":236,"column":18}},"23":{"start":{"line":238,"column":4},"end":{"line":238,"column":50}},"24":{"start":{"line":239,"column":4},"end":{"line":239,"column":16}},"25":{"start":{"line":244,"column":17},"end":{"line":261,"column":1}},"26":{"start":{"line":245,"column":2},"end":{"line":260,"column":3}},"27":{"start":{"line":246,"column":19},"end":{"line":249,"column":5}},"28":{"start":{"line":251,"column":4},"end":{"line":253,"column":5}},"29":{"start":{"line":252,"column":6},"end":{"line":252,"column":29}},"30":{"start":{"line":255,"column":19},"end":{"line":255,"column":64}},"31":{"start":{"line":256,"column":4},"end":{"line":256,"column":23}},"32":{"start":{"line":258,"column":4},"end":{"line":258,"column":49}},"33":{"start":{"line":259,"column":4},"end":{"line":259,"column":16}},"34":{"start":{"line":263,"column":0},"end":{"line":268,"column":2}}},"fnMap":{"0":{"name":"(anonymous_0)","decl":{"start":{"line":3,"column":30},"end":{"line":3,"column":31}},"loc":{"start":{"line":3,"column":76},"end":{"line":216,"column":1}},"line":3},"1":{"name":"(anonymous_1)","decl":{"start":{"line":219,"column":21},"end":{"line":219,"column":22}},"loc":{"start":{"line":219,"column":38},"end":{"line":228,"column":1}},"line":219},"2":{"name":"(anonymous_2)","decl":{"start":{"line":231,"column":18},"end":{"line":231,"column":19}},"loc":{"start":{"line":231,"column":35},"end":{"line":241,"column":1}},"line":231},"3":{"name":"(anonymous_3)","decl":{"start":{"line":244,"column":17},"end":{"line":244,"column":18}},"loc":{"start":{"line":244,"column":59},"end":{"line":261,"column":1}},"line":244}},"branchMap":{"0":{"loc":{"start":{"line":244,"column":24},"end":{"line":244,"column":37}},"type":"default-arg","locations":[{"start":{"line":244,"column":33},"end":{"line":244,"column":37}}],"line":244},"1":{"loc":{"start":{"line":244,"column":39},"end":{"line":244,"column":54}},"type":"default-arg","locations":[{"start":{"line":244,"column":52},"end":{"line":244,"column":54}}],"line":244},"2":{"loc":{"start":{"line":251,"column":4},"end":{"line":253,"column":5}},"type":"if","locations":[{"start":{"line":251,"column":4},"end":{"line":253,"column":5}},{"start":{},"end":{}}],"line":251}},"s":{"0":1,"1":1,"2":0,"3":0,"4":0,"5":0,"6":0,"7":0,"8":0,"9":0,"10":1,"11":0,"12":0,"13":0,"14":0,"15":0,"16":0,"17":1,"18":0,"19":0,"20":0,"21":0,"22":0,"23":0,"24":0,"25":1,"26":0,"27":0,"28":0,"29":0,"30":0,"31":0,"32":0,"33":0,"34":1},"f":{"0":0,"1":0,"2":0,"3":0},"b":{"0":[0],"1":[0],"2":[0,0]},"_coverageSchema":"1a1c01bbd47fc00a2c39e90264f33305004495a9","hash":"80eb60f7cc4834f74db2dae5ab8797a2378ddc95"}
}
