TN:
SF:config\aws.js
FNF:0
FNH:0
DA:1,1
DA:2,1
DA:3,1
DA:5,1
DA:25,1
DA:32,1
DA:33,1
DA:38,1
LF:8
LH:8
BRDA:11,0,0,1
BRDA:11,0,1,0
BRDA:12,1,0,1
BRDA:12,1,1,0
BRDA:21,2,0,1
BRDA:21,2,1,0
BRF:6
BRH:3
end_of_record
TN:
SF:models\Purchase.js
FN:35,(anonymous_0)
FN:50,(anonymous_1)
FNF:2
FNH:0
FNDA:0,(anonymous_0)
FNDA:0,(anonymous_1)
DA:1,2
DA:3,2
DA:30,2
DA:31,2
DA:32,2
DA:35,2
DA:36,0
DA:46,0
DA:50,2
DA:51,0
DA:52,0
DA:53,0
DA:54,0
DA:55,0
DA:58,2
LF:15
LH:8
BRDA:46,0,0,0
BRDA:46,0,1,0
BRDA:50,1,0,0
BRDA:53,2,0,0
BRDA:53,2,1,0
BRF:5
BRH:0
end_of_record
TN:
SF:models\User.js
FN:36,(anonymous_0)
FN:41,(anonymous_1)
FN:53,(anonymous_2)
FNF:3
FNH:0
FNDA:0,(anonymous_0)
FNDA:0,(anonymous_1)
FNDA:0,(anonymous_2)
DA:1,2
DA:2,2
DA:4,2
DA:36,2
DA:37,0
DA:41,2
DA:42,0
DA:44,0
DA:45,0
DA:46,0
DA:48,0
DA:53,2
DA:54,0
DA:55,0
DA:58,2
LF:15
LH:7
BRDA:42,0,0,0
BRDA:42,0,1,0
BRF:2
BRH:0
end_of_record
TN:
SF:models\Video.js
FN:50,(anonymous_0)
FNF:1
FNH:0
FNDA:0,(anonymous_0)
DA:1,2
DA:3,2
DA:50,2
DA:51,0
DA:52,0
DA:56,2
DA:57,2
DA:59,2
LF:8
LH:6
BRF:0
BRH:0
end_of_record
TN:
SF:routes\admin.js
FN:14,(anonymous_0)
FN:51,(anonymous_1)
FN:58,(anonymous_2)
FN:62,(anonymous_3)
FN:83,(anonymous_4)
FN:97,(anonymous_5)
FN:136,(anonymous_6)
FN:148,(anonymous_7)
FN:164,(anonymous_8)
FN:181,(anonymous_9)
FN:214,(anonymous_10)
FN:225,(anonymous_11)
FN:237,(anonymous_12)
FN:259,(anonymous_13)
FN:284,(anonymous_14)
FN:297,(anonymous_15)
FN:304,(anonymous_16)
FN:325,(anonymous_17)
FN:394,(anonymous_18)
FNF:19
FNH:12
FNDA:1,(anonymous_0)
FNDA:1,(anonymous_1)
FNDA:0,(anonymous_2)
FNDA:1,(anonymous_3)
FNDA:1,(anonymous_4)
FNDA:1,(anonymous_5)
FNDA:1,(anonymous_6)
FNDA:1,(anonymous_7)
FNDA:0,(anonymous_8)
FNDA:1,(anonymous_9)
FNDA:0,(anonymous_10)
FNDA:0,(anonymous_11)
FNDA:0,(anonymous_12)
FNDA:1,(anonymous_13)
FNDA:1,(anonymous_14)
FNDA:0,(anonymous_15)
FNDA:1,(anonymous_16)
FNDA:1,(anonymous_17)
FNDA:0,(anonymous_18)
DA:1,1
DA:2,1
DA:3,1
DA:4,1
DA:5,1
DA:6,1
DA:8,1
DA:11,1
DA:14,1
DA:15,1
DA:23,1
DA:25,1
DA:26,1
DA:28,1
DA:29,0
DA:31,1
DA:32,1
DA:33,0
DA:40,1
DA:41,1
DA:43,1
DA:48,1
DA:51,1
DA:52,1
DA:57,1
DA:58,1
DA:59,0
DA:62,1
DA:67,1
DA:77,0
DA:78,0
DA:83,1
DA:84,1
DA:85,1
DA:86,1
DA:87,0
DA:91,1
DA:97,1
DA:100,1
DA:101,1
DA:103,1
DA:125,1
DA:136,1
DA:142,0
DA:143,0
DA:148,1
DA:149,1
DA:150,1
DA:151,1
DA:152,1
DA:153,1
DA:154,1
DA:155,1
DA:156,1
DA:157,1
DA:158,0
DA:161,1
DA:162,1
DA:163,1
DA:164,1
DA:167,1
DA:169,1
DA:175,0
DA:176,0
DA:181,1
DA:182,1
DA:183,1
DA:184,1
DA:185,1
DA:186,1
DA:187,0
DA:191,1
DA:192,0
DA:193,0
DA:195,0
DA:200,1
DA:201,1
DA:203,1
DA:208,0
DA:209,0
DA:214,1
DA:215,0
DA:216,0
DA:217,0
DA:219,0
DA:220,0
DA:225,1
DA:226,0
DA:227,0
DA:228,0
DA:229,0
DA:231,0
DA:232,0
DA:237,1
DA:238,0
DA:239,0
DA:242,0
DA:243,0
DA:244,0
DA:245,0
DA:248,0
DA:253,0
DA:254,0
DA:259,1
DA:260,1
DA:261,1
DA:262,1
DA:264,1
DA:266,1
DA:267,0
DA:270,1
DA:271,0
DA:274,1
DA:281,1
DA:284,1
DA:285,1
DA:296,1
DA:297,1
DA:298,0
DA:304,1
DA:309,1
DA:319,0
DA:320,0
DA:325,1
DA:326,1
DA:335,1
DA:349,1
DA:350,1
DA:352,1
DA:373,1
DA:388,0
DA:389,0
DA:394,1
DA:395,0
DA:396,0
DA:397,0
DA:399,0
DA:401,0
DA:402,0
DA:403,0
DA:404,0
DA:406,0
DA:408,0
DA:415,0
DA:417,0
DA:427,0
DA:428,0
DA:432,1
LF:148
LH:90
BRDA:17,0,0,1
BRDA:18,1,0,1
BRDA:21,2,0,1
BRDA:22,3,0,1
BRDA:28,4,0,0
BRDA:28,4,1,1
BRDA:32,5,0,0
BRDA:32,5,1,1
BRDA:40,6,0,1
BRDA:40,6,1,0
BRDA:64,7,0,1
BRDA:64,7,1,1
BRDA:86,8,0,0
BRDA:86,8,1,1
BRDA:135,9,0,1
BRDA:135,9,1,0
BRDA:136,10,0,1
BRDA:136,10,1,0
BRDA:157,11,0,0
BRDA:157,11,1,1
BRDA:161,12,0,1
BRDA:161,12,1,0
BRDA:162,13,0,0
BRDA:162,13,1,1
BRDA:163,14,0,1
BRDA:163,14,1,0
BRDA:164,15,0,0
BRDA:164,15,1,1
BRDA:164,16,0,0
BRDA:164,16,1,0
BRDA:186,17,0,0
BRDA:186,17,1,1
BRDA:191,18,0,0
BRDA:191,18,1,1
BRDA:191,19,0,1
BRDA:191,19,1,0
BRDA:227,20,0,0
BRDA:243,21,0,0
BRDA:243,21,1,0
BRDA:261,22,0,1
BRDA:261,23,0,1
BRDA:266,24,0,0
BRDA:266,24,1,1
BRDA:270,25,0,0
BRDA:270,25,1,1
BRDA:306,26,0,1
BRDA:306,26,1,1
BRDA:378,27,0,1
BRDA:378,27,1,0
BRDA:396,28,0,0
BRDA:396,29,0,0
BRDA:401,30,0,0
BRDA:401,30,1,0
BRDA:402,31,0,0
BRDA:402,31,1,0
BRDA:404,32,0,0
BRDA:404,32,1,0
BRDA:406,33,0,0
BRDA:406,33,1,0
BRF:59
BRH:27
end_of_record
TN:
SF:routes\auth.js
FN:10,(anonymous_0)
FN:61,(anonymous_1)
FN:105,(anonymous_2)
FN:118,(anonymous_3)
FN:136,(anonymous_4)
FNF:5
FNH:5
FNDA:3,(anonymous_0)
FNDA:2,(anonymous_1)
FNDA:1,(anonymous_2)
FNDA:1,(anonymous_3)
FNDA:1,(anonymous_4)
DA:1,1
DA:2,1
DA:3,1
DA:4,1
DA:5,1
DA:7,1
DA:10,1
DA:11,3
DA:12,3
DA:15,3
DA:16,1
DA:19,2
DA:20,0
DA:24,2
DA:25,2
DA:26,1
DA:30,1
DA:36,1
DA:39,1
DA:45,1
DA:55,0
DA:56,0
DA:61,1
DA:62,2
DA:63,2
DA:66,2
DA:67,0
DA:71,2
DA:72,2
DA:73,1
DA:77,1
DA:78,1
DA:79,0
DA:83,1
DA:89,1
DA:99,0
DA:100,0
DA:105,1
DA:106,1
DA:107,1
DA:111,1
DA:113,0
DA:114,0
DA:118,1
DA:119,1
DA:120,1
DA:129,0
DA:133,1
DA:136,1
DA:137,1
DA:138,1
DA:144,1
DA:149,0
DA:150,0
DA:154,1
LF:55
LH:43
BRDA:12,0,0,3
BRDA:15,1,0,1
BRDA:15,1,1,2
BRDA:15,2,0,3
BRDA:15,2,1,2
BRDA:19,3,0,0
BRDA:19,3,1,2
BRDA:25,4,0,1
BRDA:25,4,1,1
BRDA:33,5,0,0
BRDA:33,5,1,1
BRDA:66,6,0,0
BRDA:66,6,1,2
BRDA:66,7,0,2
BRDA:66,7,1,2
BRDA:72,8,0,1
BRDA:72,8,1,1
BRDA:78,9,0,0
BRDA:78,9,1,1
BRF:19
BRH:15
end_of_record
TN:
SF:routes\videos.js
FN:12,(anonymous_0)
FN:39,(anonymous_1)
FN:51,(anonymous_2)
FN:87,(anonymous_3)
FN:90,(anonymous_4)
FN:91,(anonymous_5)
FN:111,(anonymous_6)
FN:158,(anonymous_7)
FN:195,(anonymous_8)
FN:226,(anonymous_9)
FN:292,(anonymous_10)
FN:321,(anonymous_11)
FN:377,(anonymous_12)
FN:438,(anonymous_13)
FN:463,(anonymous_14)
FN:510,(anonymous_15)
FN:560,(anonymous_16)
FN:579,(anonymous_17)
FNF:18
FNH:10
FNDA:1,(anonymous_0)
FNDA:1,(anonymous_1)
FNDA:1,(anonymous_2)
FNDA:1,(anonymous_3)
FNDA:0,(anonymous_4)
FNDA:0,(anonymous_5)
FNDA:1,(anonymous_6)
FNDA:1,(anonymous_7)
FNDA:0,(anonymous_8)
FNDA:1,(anonymous_9)
FNDA:0,(anonymous_10)
FNDA:1,(anonymous_11)
FNDA:1,(anonymous_12)
FNDA:0,(anonymous_13)
FNDA:0,(anonymous_14)
FNDA:1,(anonymous_15)
FNDA:0,(anonymous_16)
FNDA:0,(anonymous_17)
DA:1,1
DA:2,1
DA:3,1
DA:4,1
DA:5,1
DA:6,1
DA:7,1
DA:8,1
DA:9,1
DA:10,1
DA:11,1
DA:12,1
DA:13,1
DA:14,1
DA:15,1
DA:17,1
DA:18,0
DA:21,1
DA:23,1
DA:28,1
DA:33,0
DA:34,0
DA:39,1
DA:40,1
DA:41,1
DA:45,1
DA:46,1
DA:47,1
DA:51,1
DA:52,1
DA:53,1
DA:54,1
DA:56,1
DA:61,1
DA:62,0
DA:69,1
DA:70,0
DA:73,1
DA:79,1
DA:82,1
DA:87,1
DA:90,0
DA:91,0
DA:95,1
DA:105,0
DA:106,0
DA:111,1
DA:112,1
DA:113,1
DA:118,1
DA:119,0
DA:123,1
DA:134,1
DA:136,1
DA:152,0
DA:153,0
DA:158,1
DA:159,1
DA:160,1
DA:163,1
DA:164,0
DA:167,1
DA:168,0
DA:171,1
DA:172,0
DA:175,1
DA:176,0
DA:180,1
DA:181,1
DA:183,1
DA:185,1
DA:188,1
DA:195,0
DA:199,1
DA:200,1
DA:203,1
DA:205,1
DA:220,0
DA:221,0
DA:226,1
DA:227,1
DA:228,1
DA:230,1
DA:232,1
DA:233,0
DA:236,1
DA:237,0
DA:243,1
DA:246,1
DA:247,1
DA:248,1
DA:251,1
DA:252,1
DA:254,1
DA:255,1
DA:256,1
DA:257,1
DA:258,1
DA:260,1
DA:262,1
DA:275,0
DA:276,0
DA:277,0
DA:278,0
DA:279,0
DA:286,0
DA:287,0
DA:292,1
DA:293,0
DA:294,0
DA:295,0
DA:297,0
DA:299,0
DA:300,0
DA:303,0
DA:305,0
DA:306,0
DA:307,0
DA:309,0
DA:315,0
DA:316,0
DA:321,1
DA:322,1
DA:323,1
DA:329,1
DA:330,0
DA:334,1
DA:340,1
DA:341,0
DA:348,1
DA:355,1
DA:358,1
DA:359,1
DA:361,1
DA:371,0
DA:372,0
DA:377,1
DA:378,1
DA:379,1
DA:384,1
DA:385,0
DA:388,1
DA:389,0
DA:396,1
DA:399,1
DA:400,0
DA:404,1
DA:410,1
DA:411,1
DA:415,1
DA:418,1
DA:419,1
DA:420,1
DA:430,0
DA:431,0
DA:438,1
DA:439,0
DA:441,0
DA:442,0
DA:446,0
DA:447,0
DA:448,0
DA:453,0
DA:455,0
DA:456,0
DA:460,1
DA:464,0
DA:466,0
DA:467,0
DA:470,0
DA:471,0
DA:473,0
DA:474,0
DA:476,0
DA:477,0
DA:479,0
DA:483,0
DA:485,0
DA:486,0
DA:487,0
DA:491,0
DA:492,0
DA:493,0
DA:494,0
DA:495,0
DA:496,0
DA:497,0
DA:499,0
DA:501,0
DA:505,0
DA:510,1
DA:511,1
DA:512,1
DA:513,1
DA:515,1
DA:516,0
DA:519,1
DA:520,1
DA:522,1
DA:523,0
DA:524,0
DA:527,1
DA:528,1
DA:529,1
DA:530,1
DA:532,1
DA:533,0
DA:534,0
DA:535,0
DA:539,1
DA:540,1
DA:542,0
DA:543,0
DA:544,0
DA:545,0
DA:547,0
DA:548,0
DA:551,1
DA:554,0
DA:555,0
DA:560,1
DA:561,0
DA:562,0
DA:563,0
DA:565,0
DA:574,0
DA:579,0
DA:591,0
DA:601,0
DA:602,0
DA:606,1
LF:231
LH:125
BRDA:17,0,0,0
BRDA:17,0,1,1
BRDA:29,1,0,1
BRDA:29,1,1,0
BRDA:53,2,0,1
BRDA:53,3,0,1
BRDA:61,4,0,0
BRDA:61,4,1,1
BRDA:69,5,0,0
BRDA:69,5,1,1
BRDA:91,6,0,1
BRDA:91,6,1,1
BRDA:118,7,0,0
BRDA:118,7,1,1
BRDA:134,8,0,1
BRDA:134,8,1,1
BRDA:140,9,0,0
BRDA:140,9,1,1
BRDA:141,10,0,0
BRDA:141,10,1,1
BRDA:145,11,0,0
BRDA:145,11,1,1
BRDA:163,12,0,0
BRDA:163,12,1,1
BRDA:167,13,0,0
BRDA:167,13,1,1
BRDA:171,14,0,0
BRDA:171,14,1,1
BRDA:175,15,0,0
BRDA:175,15,1,1
BRDA:192,16,0,1
BRDA:192,16,1,1
BRDA:195,17,0,0
BRDA:195,17,1,1
BRDA:232,18,0,0
BRDA:232,18,1,1
BRDA:236,19,0,0
BRDA:236,19,1,1
BRDA:299,20,0,0
BRDA:299,20,1,0
BRDA:306,21,0,0
BRDA:306,21,1,0
BRDA:329,22,0,0
BRDA:329,22,1,1
BRDA:340,23,0,0
BRDA:340,23,1,1
BRDA:384,24,0,0
BRDA:384,24,1,1
BRDA:388,25,0,0
BRDA:388,25,1,1
BRDA:396,26,0,1
BRDA:396,26,1,1
BRDA:399,27,0,0
BRDA:399,27,1,1
BRDA:410,28,0,1
BRDA:410,28,1,0
BRDA:441,29,0,0
BRDA:441,29,1,0
BRDA:446,30,0,0
BRDA:446,30,1,0
BRDA:446,31,0,0
BRDA:446,31,1,0
BRDA:476,32,0,0
BRDA:476,32,1,0
BRDA:479,33,0,0
BRDA:479,33,1,0
BRDA:479,33,2,0
BRDA:485,34,0,0
BRDA:485,34,1,0
BRDA:492,35,0,0
BRDA:492,35,1,0
BRDA:493,36,0,0
BRDA:493,36,1,0
BRDA:496,37,0,0
BRDA:496,37,1,0
BRDA:515,38,0,0
BRDA:515,38,1,1
BRDA:515,39,0,1
BRDA:515,39,1,1
BRDA:515,39,2,1
BRDA:522,40,0,0
BRDA:522,40,1,1
BRDA:527,41,0,1
BRDA:527,41,1,0
BRDA:532,42,0,0
BRDA:532,42,1,1
BRDA:532,43,0,1
BRDA:532,43,1,0
BRDA:534,44,0,0
BRDA:534,44,1,0
BRDA:534,45,0,0
BRDA:534,45,1,0
BRDA:542,46,0,0
BRDA:542,46,1,0
BRDA:544,47,0,0
BRDA:544,47,1,0
BRDA:562,48,0,0
BRDA:562,49,0,0
BRF:98
BRH:39
end_of_record
TN:
SF:services\mediaConvert.js
FN:3,(anonymous_0)
FN:219,(anonymous_1)
FN:231,(anonymous_2)
FN:244,(anonymous_3)
FNF:4
FNH:0
FNDA:0,(anonymous_0)
FNDA:0,(anonymous_1)
FNDA:0,(anonymous_2)
FNDA:0,(anonymous_3)
DA:1,1
DA:3,1
DA:4,0
DA:199,0
DA:208,0
DA:209,0
DA:210,0
DA:211,0
DA:213,0
DA:214,0
DA:219,1
DA:220,0
DA:221,0
DA:222,0
DA:223,0
DA:225,0
DA:226,0
DA:231,1
DA:232,0
DA:233,0
DA:234,0
DA:235,0
DA:236,0
DA:238,0
DA:239,0
DA:244,1
DA:245,0
DA:246,0
DA:251,0
DA:252,0
DA:255,0
DA:256,0
DA:258,0
DA:259,0
DA:263,1
LF:35
LH:6
BRDA:244,0,0,0
BRDA:244,1,0,0
BRDA:251,2,0,0
BRDA:251,2,1,0
BRF:4
BRH:0
end_of_record
